<?xml version="1.0" encoding="utf-8"?><testsuites name="pytest tests"><testsuite name="pytest" errors="0" failures="0" skipped="49" tests="1312" time="1439.329" timestamp="2026-09-13T19:51:36.794578+00:00" hostname="runnervmlun5p"><testcase classname="tests.security.test_multitenant_isolation" name="test_no_se_puede_referenciar_una_clave_ajena_al_crear_una_operacion[lot_id]" time="0.649" /><testcase classname="tests.security.test_multitenant_isolation" name="test_no_se_puede_referenciar_una_clave_ajena_al_crear_una_operacion[farm_id]" time="0.270" /><testcase classname="tests.security.test_multitenant_isolation" name="test_no_se_puede_referenciar_una_clave_ajena_al_crear_una_operacion[house_id]" time="0.256" /><testcase classname="tests.security.test_multitenant_isolation" name="test_no_se_puede_corregir_un_evento_ajeno" time="0.256" /><testcase classname="tests.security.test_multitenant_isolation" name="test_no_se_puede_revisar_un_evento_ajeno" time="0.254" /><testcase classname="tests.security.test_multitenant_isolation" name="test_no_se_puede_aprobar_un_evento_ajeno" time="0.246" /><testcase classname="tests.security.test_multitenant_isolation" name="test_no_se_puede_crear_un_galpon_en_una_granja_ajena" time="0.240" /><testcase classname="tests.security.test_multitenant_isolation" name="test_el_saldo_de_un_lote_ajeno_no_se_contamina" time="0.437" /><testcase classname="tests.security.test_multitenant_isolation" name="test_un_intento_rechazado_no_deja_rastro" time="0.250" /><testcase classname="tests.security.test_multitenant_isolation" name="test_no_se_puede_leer_un_recurso_ajeno[lot_id-/api/v1/lots/{}]" time="0.245" /><testcase classname="tests.security.test_multitenant_isolation" name="test_no_se_puede_leer_un_recurso_ajeno[event_id-/api/v1/operations/{}]" time="0.245" /><testcase classname="tests.security.test_multitenant_isolation" name="test_no_se_puede_leer_un_recurso_ajeno[farm_id-/api/v1/masters/farms/{}]" time="0.244" /><testcase classname="tests.test_access_administration" name="test_s02_el_administrador_concede_a_otro_usuario_de_su_empresa" time="1.971" /><testcase classname="tests.test_access_administration" name="test_s01_el_administrador_no_se_concede_a_si_mismo" time="1.890" /><testcase classname="tests.test_access_administration" name="test_s03_la_auto_concesion_denegada_no_deja_rastro" time="1.922" /><testcase classname="tests.test_access_administration" name="test_s04_no_hay_excepcion_por_ser_el_unico_administrador" time="1.913" /><testcase classname="tests.test_access_administration" name="test_s04_otro_administrador_si_puede_concederle" time="1.906" /><testcase classname="tests.test_access_administration" name="test_s05_el_super_administrador_situado_puede_concederle" time="2.113" /><testcase classname="tests.test_access_administration" name="test_el_super_administrador_situado_en_a_no_toca_la_empresa_b" time="1.901" /><testcase classname="tests.test_access_administration" name="test_el_super_administrador_sin_contexto_no_administra" time="1.895" /><testcase classname="tests.test_access_administration" name="test_el_administrador_no_concede_a_un_usuario_de_otra_empresa" time="1.902" /><testcase classname="tests.test_access_administration" name="test_la_auto_revocacion_no_entra_en_od15" time="1.947" /><testcase classname="tests.test_access_administration" name="test_s06_el_rol_sembrado_tiene_exactamente_los_cuatro_permisos" time="0.001" /><testcase classname="tests.test_access_administration" name="test_s07_el_supervisor_no_recibe_permisos_de_administracion_de_acceso" time="0.001" /><testcase classname="tests.test_access_administration" name="test_s07_el_supervisor_no_administra_aunque_opere_la_cadena" time="1.945" /><testcase classname="tests.test_access_administration" name="test_s08_asignar_el_rol_no_concede_ninguna_unidad" time="1.971" /><testcase classname="tests.test_access_administration" name="test_od09b_control_administra_la_cadena_que_no_puede_operar" time="2.025" /><testcase classname="tests.test_access_administration" name="test_od09b_tratamiento_ese_mismo_actor_no_abre_el_lote" time="1.922" /><testcase classname="tests.test_areas" name="test_t_039_01_el_area_se_administra_como_maestro" time="0.486" /><testcase classname="tests.test_areas" name="test_t_039_02_el_listado_expone_el_total" time="0.482" /><testcase classname="tests.test_areas" name="test_t_039_03_los_nombres_no_estan_codificados" time="0.793" /><testcase classname="tests.test_areas" name="test_t_039_04_el_usuario_puede_asignarse_a_un_area" time="0.772" /><testcase classname="tests.test_areas" name="test_t_039_05_las_areas_no_cruzan_de_empresa" time="0.497" /><testcase classname="tests.test_audit_coverage" name="test_t_081_01_el_login_correcto_se_audita" time="0.390" /><testcase classname="tests.test_audit_coverage" name="test_t_081_02_el_login_fallido_se_audita" time="0.389" /><testcase classname="tests.test_audit_coverage" name="test_t_081_03_el_alta_y_la_edicion_de_un_maestro_se_auditan" time="0.465" /><testcase classname="tests.test_audit_coverage" name="test_t_081_04_el_cambio_de_permisos_se_audita" time="0.419" /><testcase classname="tests.test_audit_coverage" name="test_t_081_05_el_cierre_de_revision_se_audita" time="0.620" /><testcase classname="tests.test_audit_coverage" name="test_t_081_06_la_importacion_de_referencias_se_audita" time="0.437" /><testcase classname="tests.test_audit_query" name="test_t_082_01_filtro_por_usuario" time="0.426" /><testcase classname="tests.test_audit_query" name="test_t_082_02_filtro_por_tipo_de_operacion" time="0.427" /><testcase classname="tests.test_audit_query" name="test_t_082_03_filtro_por_modulo" time="0.427" /><testcase classname="tests.test_audit_query" name="test_t_082_04_filtro_por_lote" time="0.425" /><testcase classname="tests.test_audit_query" name="test_t_082_05_filtro_por_fecha" time="0.428" /><testcase classname="tests.test_audit_query" name="test_t_082_06_filtro_por_estado" time="0.424" /><testcase classname="tests.test_audit_query" name="test_t_082_07_filtro_por_documento_sap" time="0.423" /><testcase classname="tests.test_audit_query" name="test_t_082_08_filtros_combinados" time="0.425" /><testcase classname="tests.test_audit_query" name="test_t_082_09_el_filtro_precede_a_la_paginacion" time="0.422" /><testcase classname="tests.test_audit_query" name="test_t_082_10_no_se_ven_registros_de_otra_empresa" time="0.427" /><testcase classname="tests.test_audit_query" name="test_t_082_11_sin_permiso_no_se_consulta" time="0.090" /><testcase classname="tests.test_audit_reports" name="test_list_audit_logs" time="0.352" /><testcase classname="tests.test_audit_reports" name="test_get_dashboard_mobile" time="0.360" /><testcase classname="tests.test_audit_reports" name="test_get_dashboard_admin" time="0.373" /><testcase classname="tests.test_audit_reports" name="test_get_reports_kpis" time="0.388" /><testcase classname="tests.test_audit_reports" name="test_get_lot_report" time="0.369" /><testcase classname="tests.test_audit_reports" name="test_get_sap_comparison" time="0.353" /><testcase classname="tests.test_auth" name="test_login_success" time="0.327" /><testcase classname="tests.test_auth" name="test_login_invalid_password" time="0.321" /><testcase classname="tests.test_auth" name="test_login_invalid_user" time="0.008" /><testcase classname="tests.test_auth" name="test_get_me" time="0.352" /><testcase classname="tests.test_auth" name="test_health_check" time="0.003" /><testcase classname="tests.test_auth" name="test_list_roles" time="0.354" /><testcase classname="tests.test_auth" name="test_list_users" time="0.351" /><testcase classname="tests.test_birth_classification" name="test_r170_la_forma_del_formulario_total_mas_desglose_no_duplica_los_nacidos" time="2.306" /><testcase classname="tests.test_birth_classification" name="test_b13_01_10_12_el_nacimiento_declara_sanos_y_debiles_y_los_nacidos_son_la_suma_de_las_filas" time="2.405" /><testcase classname="tests.test_birth_classification" name="test_b13_02_03_04_cantidades_enteras_no_negativas_y_acotadas_por_los_nacidos" time="2.496" /><testcase classname="tests.test_birth_classification" name="test_b13_15_solo_el_nacimiento_en_incubadora_lleva_sanos_y_debiles" time="2.264" /><testcase classname="tests.test_birth_classification" name="test_b13_05_09_cadena_de_seguridad" time="2.572" /><testcase classname="tests.test_birth_classification" name="test_b13_11_14_edicion_correccion_y_auditoria" time="2.474" /><testcase classname="tests.test_business_unit_admin" name="test_el_listado_muestra_el_catalogo_con_el_estado_de_la_empresa" time="2.194" /><testcase classname="tests.test_business_unit_admin" name="test_el_listado_no_deja_ver_la_configuracion_de_otra_empresa" time="2.211" /><testcase classname="tests.test_business_unit_admin" name="test_habilitar_una_unidad_apagada_la_enciende" time="2.211" /><testcase classname="tests.test_business_unit_admin" name="test_habilitar_no_concede_la_unidad_a_nadie" time="2.237" /><testcase classname="tests.test_business_unit_admin" name="test_deshabilitar_apaga_la_unidad" time="2.220" /><testcase classname="tests.test_business_unit_admin" name="test_r188_deshabilitar_termina_y_rehabilitar_no_devuelve" time="2.307" /><testcase classname="tests.test_business_unit_admin" name="test_habilitar_dos_veces_es_idempotente" time="2.235" /><testcase classname="tests.test_business_unit_admin" name="test_habilitar_una_unidad_inexistente_es_404" time="2.195" /><testcase classname="tests.test_business_unit_admin" name="test_una_unidad_nunca_configurada_se_puede_habilitar" time="2.234" /><testcase classname="tests.test_business_unit_admin" name="test_conceder_una_unidad_habilitada" time="2.215" /><testcase classname="tests.test_business_unit_admin" name="test_conceder_no_habilita_la_unidad_para_la_empresa" time="2.214" /><testcase classname="tests.test_business_unit_admin" name="test_conceder_dos_veces_no_duplica" time="2.237" /><testcase classname="tests.test_business_unit_admin" name="test_revocar_retira_el_acceso_de_inmediato_y_conserva_la_historia" time="2.255" /><testcase classname="tests.test_business_unit_admin" name="test_revocar_lo_ya_revocado_es_404_y_no_inventa_un_exito" time="2.263" /><testcase classname="tests.test_business_unit_admin" name="test_una_concesion_revocada_se_puede_volver_a_otorgar" time="2.312" /><testcase classname="tests.test_business_unit_admin" name="test_r188_el_listado_refleja_terminacion_y_efectividad" time="2.265" /><testcase classname="tests.test_business_unit_admin" name="test_la_efectividad_del_listado_coincide_con_el_resolutor_central" time="2.293" /><testcase classname="tests.test_business_unit_admin" name="test_control_el_administrador_sin_la_unidad_puede_administrarla" time="2.294" /><testcase classname="tests.test_business_unit_admin" name="test_tratamiento_ese_mismo_administrador_no_ve_dato_productivo" time="2.225" /><testcase classname="tests.test_business_unit_admin" name="test_administrar_no_cambia_el_alcance_operativo_del_administrador" time="2.242" /><testcase classname="tests.test_business_unit_admin" name="test_no_se_concede_a_un_usuario_de_otra_empresa" time="2.200" /><testcase classname="tests.test_business_unit_admin" name="test_no_se_listan_las_concesiones_de_un_usuario_de_otra_empresa" time="2.194" /><testcase classname="tests.test_business_unit_admin" name="test_habilitar_toca_la_fila_de_la_empresa_propia_y_no_la_del_vecino" time="2.225" /><testcase classname="tests.test_business_unit_admin" name="test_el_administrador_no_puede_darse_acceso_a_otra_empresa" time="2.204" /><testcase classname="tests.test_business_unit_admin" name="test_el_denegado_no_deja_ni_escritura_ni_registro_de_exito" time="2.232" /><testcase classname="tests.test_business_unit_admin" name="test_llamarse_administrador_no_administra_nada" time="2.291" /><testcase classname="tests.test_business_unit_admin" name="test_un_rol_con_nombre_inesperado_y_el_permiso_si_administra" time="2.213" /><testcase classname="tests.test_business_unit_admin" name="test_un_usuario_operativo_no_concede_ni_a_otros_ni_a_si_mismo" time="2.215" /><testcase classname="tests.test_business_unit_admin" name="test_od15_quien_puede_conceder_no_puede_concederse" time="2.242" /><testcase classname="tests.test_business_unit_admin" name="test_con_las_cuatro_habilitadas_y_cero_concesiones_el_alcance_es_vacio" time="2.288" /><testcase classname="tests.test_business_unit_admin" name="test_el_usuario_sin_unidades_conserva_lo_de_CORE" time="2.206" /><testcase classname="tests.test_business_unit_admin" name="test_una_concesion_de_la_empresa_anterior_no_se_lista_como_actual" time="2.256" /><testcase classname="tests.test_business_unit_admin" name="test_volver_a_la_empresa_anterior_no_reactiva_la_concesion" time="2.282" /><testcase classname="tests.test_business_unit_admin" name="test_habilitar_y_deshabilitar_quedan_auditados" time="2.259" /><testcase classname="tests.test_business_unit_admin" name="test_conceder_y_revocar_quedan_auditados" time="2.247" /><testcase classname="tests.test_business_unit_admin" name="test_repetir_una_concesion_no_infla_la_auditoria" time="2.267" /><testcase classname="tests.test_business_unit_admin" name="test_las_rutas_nuevas_declaran_todas_su_contrato_de_respuesta" time="2.173" /><testcase classname="tests.test_business_unit_admin" name="test_la_respuesta_no_arrastra_la_fila_del_orm" time="2.223" /><testcase classname="tests.test_business_unit_admin" name="test_no_existe_una_puerta_generica_de_administracion" time="2.181" /><testcase classname="tests.test_business_unit_guard" name="test_ac_c09_para_un_usuario_normal_manda_la_base" time="0.018" /><testcase classname="tests.test_business_unit_guard" name="test_ac_c10_una_reclamacion_ajena_no_desplaza_el_inquilino" time="0.018" /><testcase classname="tests.test_business_unit_guard" name="test_ac_c11_un_actor_autorizado_si_desplaza_el_contexto" time="0.018" /><testcase classname="tests.test_business_unit_guard" name="test_ac_c11_una_empresa_inexistente_no_da_contexto" time="0.017" /><testcase classname="tests.test_business_unit_guard" name="test_ac_c12_una_empresa_desactivada_deja_de_dar_contexto" time="0.019" /><testcase classname="tests.test_business_unit_guard" name="test_ac_c13_sin_empresa_y_sin_contexto_no_hay_empresa_efectiva" time="0.017" /><testcase classname="tests.test_business_unit_guard" name="test_ac_c14_cambiar_de_empresa_no_concede_ninguna_unidad" time="0.027" /><testcase classname="tests.test_business_unit_guard" name="test_la_guarda_deja_pasar_una_concesion_viva" time="0.024" /><testcase classname="tests.test_business_unit_guard" name="test_la_guarda_deniega_sin_concesion" time="0.022" /><testcase classname="tests.test_business_unit_guard" name="test_la_guarda_deniega_si_la_empresa_apago_la_unidad" time="0.026" /><testcase classname="tests.test_business_unit_guard" name="test_la_guarda_no_cruza_empresas_con_el_mismo_codigo" time="0.028" /><testcase classname="tests.test_business_unit_guard" name="test_la_guarda_deniega_al_usuario_sin_unidades" time="0.027" /><testcase classname="tests.test_business_unit_guard" name="test_el_nombre_del_rol_no_atraviesa_la_guarda" time="0.026" /><testcase classname="tests.test_business_unit_guard" name="test_la_guarda_no_necesita_una_peticion_http" time="0.012" /><testcase classname="tests.test_business_unit_guard" name="test_ac_b12_volver_no_reactiva_la_concesion" time="0.033" /><testcase classname="tests.test_business_unit_guard" name="test_ac_b12_al_volver_hace_falta_una_concesion_nueva" time="0.033" /><testcase classname="tests.test_business_unit_guard" name="test_ac_b12_la_concesion_anterior_sigue_registrada_tras_volver" time="0.031" /><testcase classname="tests.test_business_unit_guard" name="test_ac_c15_toda_ruta_esta_clasificada" time="0.002" /><testcase classname="tests.test_business_unit_guard" name="test_ac_c15_una_ruta_nueva_sin_clasificar_rompe_el_arranque" time="0.001" /><testcase classname="tests.test_business_unit_guard" name="test_las_cinco_clases_estan_representadas" time="0.002" /><testcase classname="tests.test_business_unit_guard" name="test_lots_es_multi_unidad_y_eso_no_la_hace_segura" time="0.001" /><testcase classname="tests.test_business_unit_guard" name="test_las_rutas_de_control_no_exigen_unidad_productiva" time="0.001" /><testcase classname="tests.test_business_unit_guard" name="test_la_incubadora_declara_su_unidad" time="0.001" /><testcase classname="tests.test_business_unit_guard" name="test_una_concesion_revocada_no_es_efectiva_ni_en_su_propia_empresa" time="0.242" /><testcase classname="tests.test_business_unit_guard" name="test_una_concesion_revocada_se_puede_volver_a_otorgar" time="0.029" /><testcase classname="tests.test_business_units" name="test_ac_a01_el_catalogo_tiene_las_cuatro_unidades" time="0.014" /><testcase classname="tests.test_business_units" name="test_ac_a01_los_codigos_son_unicos" time="0.014" /><testcase classname="tests.test_business_units" name="test_ac_a01_el_nombre_visible_es_una_clave_de_i18n" time="0.014" /><testcase classname="tests.test_business_units" name="test_ac_a01_la_correspondencia_con_bird_type_esta_registrada" time="0.014" /><testcase classname="tests.test_business_units" name="test_ac_a02_la_habilitacion_distingue_encendida_de_apagada" time="0.020" /><testcase classname="tests.test_business_units" name="test_ac_a07_la_habilitacion_no_cruza_empresas" time="0.020" /><testcase classname="tests.test_business_units" name="test_ac_a02_una_empresa_no_puede_habilitar_dos_veces_la_misma_unidad" time="0.021" /><testcase classname="tests.test_business_units" name="test_ac_b01_el_usuario_recibe_un_subconjunto" time="0.039" /><testcase classname="tests.test_business_units" name="test_ac_b02_la_empresa_apagada_manda_sobre_la_concesion" time="0.037" /><testcase classname="tests.test_business_units" name="test_ac_b02_una_unidad_que_la_empresa_no_declaro_no_se_puede_ni_conceder" time="0.023" /><testcase classname="tests.test_business_units" name="test_ac_b01_no_se_puede_conceder_dos_veces_la_misma_unidad" time="0.046" /><testcase classname="tests.test_business_units" name="test_ac_b04_sin_concesiones_el_conjunto_efectivo_esta_vacio" time="0.026" /><testcase classname="tests.test_business_units" name="test_ac_b03_el_usuario_sin_unidades_sigue_siendo_valido" time="0.020" /><testcase classname="tests.test_business_units" name="test_ac_a07_no_se_aprovecha_lo_habilitado_en_otra_empresa" time="0.023" /><testcase classname="tests.test_business_units" name="test_ac_a07_un_usuario_sin_empresa_no_resuelve_nada" time="0.021" /><testcase classname="tests.test_business_units" name="test_el_nombre_del_rol_no_concede_nada" time="0.023" /><testcase classname="tests.test_business_units" name="test_el_nombre_del_rol_de_control_tampoco" time="0.024" /><testcase classname="tests.test_business_units" name="test_una_unidad_inactiva_en_el_producto_no_es_efectiva" time="0.040" /><testcase classname="tests.test_business_units" name="test_la_pregunta_puntual_coincide_con_el_conjunto" time="0.042" /><testcase classname="tests.test_business_units" name="test_la_revocacion_surte_efecto_de_inmediato" time="0.039" /><testcase classname="tests.test_business_units" name="test_el_resolutor_no_necesita_una_peticion_http" time="0.013" /><testcase classname="tests.test_business_units" name="test_ac_a04_apagar_una_unidad_no_borra_las_concesiones" time="0.043" /><testcase classname="tests.test_business_units" name="test_r188_rehabilitar_no_devuelve_efectividad_sin_concesion_nueva" time="0.057" /><testcase classname="tests.test_business_units" name="test_ac_b07_la_concesion_dice_bajo_que_empresa_se_otorgo" time="0.036" /><testcase classname="tests.test_business_units" name="test_ac_b08_la_concesion_no_viaja_con_el_usuario" time="0.043" /><testcase classname="tests.test_business_units" name="test_ac_b08_en_la_empresa_nueva_hace_falta_conceder_de_nuevo" time="0.044" /><testcase classname="tests.test_business_units" name="test_ac_b11_mover_de_empresa_no_borra_la_concesion_anterior" time="0.044" /><testcase classname="tests.test_business_units" name="test_ac_b09_el_mismo_codigo_en_dos_empresas_son_dos_contextos" time="0.042" /><testcase classname="tests.test_business_units" name="test_ac_b10_conceder_cruzando_empresas_se_rechaza" time="0.026" /><testcase classname="tests.test_business_units" name="test_ac_b10_conceder_a_un_usuario_sin_empresa_se_rechaza" time="0.020" /><testcase classname="tests.test_business_units" name="test_ac_b07_conceder_por_el_servicio_produce_la_misma_efectividad" time="0.023" /><testcase classname="tests.test_clean_baseline" name="test_t_025_01_alembic_en_cabeza" time="1.261" /><testcase classname="tests.test_clean_baseline" name="test_t_025_02_matriz_rbac_completa" time="0.090" /><testcase classname="tests.test_clean_baseline" name="test_t_025_03_settings_y_admin" time="0.065" /><testcase classname="tests.test_clean_baseline" name="test_t_025_04_la_purga_cubre_toda_la_historia" time="0.136" /><testcase classname="tests.test_clean_baseline" name="test_t_025_05_fixtures_crean_dos_tenants" time="0.742" /><testcase classname="tests.test_clean_baseline" name="test_t_025_06_fixtures_se_retiran" time="0.737" /><testcase classname="tests.test_clean_baseline" name="test_t_025_07_baseline_idempotente" time="0.091" /><testcase classname="tests.test_clean_baseline" name="test_t_025_08_guarda_rechaza[entorno productivo-production-1-h/b-b]" time="0.002" /><testcase classname="tests.test_clean_baseline" name="test_t_025_08_guarda_rechaza[entorno desconocido-qa-nueva-1-h/b-b]" time="0.001" /><testcase classname="tests.test_clean_baseline" name="test_t_025_08_guarda_rechaza[entorno sin declarar--1-h/b-b]" time="0.001" /><testcase classname="tests.test_clean_baseline" name="test_t_025_08_guarda_rechaza[sin marcador de intenci\xf3n-development-None-h/b-b]" time="0.001" /><testcase classname="tests.test_clean_baseline" name="test_t_025_08_guarda_rechaza[destino fuera de la lista blanca-development-1-otro/otra-b]" time="0.001" /><testcase classname="tests.test_clean_baseline" name="test_t_025_08_guarda_rechaza[lista blanca vac\xeda-development-1--b]" time="0.001" /><testcase classname="tests.test_clean_baseline" name="test_t_025_08_guarda_rechaza[confirmaci\xf3n equivocada-development-1-h/b-otra]" time="0.001" /><testcase classname="tests.test_clean_baseline" name="test_t_025_08_guarda_rechaza[sin confirmaci\xf3n-development-1-h/b-None]" time="0.001" /><testcase classname="tests.test_clean_baseline" name="test_t_025_09_guarda_rechaza_base_autodeclarada_productiva" time="0.001" /><testcase classname="tests.test_clean_baseline" name="test_t_025_10_guarda_acepta_destino_autorizado" time="0.001" /><testcase classname="tests.test_clean_baseline" name="test_t_025_11_toda_tabla_real_esta_clasificada" time="0.009" /><testcase classname="tests.test_company_catalog" name="test_t1_ac13_control_con_sap_config_nulo_el_catalogo_responde_200" time="0.975" /><testcase classname="tests.test_company_catalog" name="test_t2_ac14_tratamiento_con_sap_config_no_nulo_el_catalogo_responde_200" time="0.974" /><testcase classname="tests.test_company_catalog" name="test_t2b_ac14_el_detalle_de_la_empresa_con_sap_config_responde_200" time="0.971" /><testcase classname="tests.test_company_catalog" name="test_t3_ac15_sap_config_no_viaja_en_el_catalogo" time="0.998" /><testcase classname="tests.test_company_catalog" name="test_t4_ac16_el_catalogo_expone_exactamente_los_campos_aprobados" time="0.997" /><testcase classname="tests.test_company_catalog" name="test_t8_ac22_sin_campos_internos_del_orm" time="0.974" /><testcase classname="tests.test_company_catalog" name="test_t9_ac23_los_campos_del_selector_de_la_fase_9_estan_presentes" time="0.972" /><testcase classname="tests.test_company_catalog" name="test_t5_ac17_el_actor_de_empresa_solo_ve_la_suya" time="0.994" /><testcase classname="tests.test_company_catalog" name="test_t6_ac18_la_autoridad_global_ve_todas_sin_contexto" time="0.985" /><testcase classname="tests.test_company_catalog" name="test_t7_ac19_el_contexto_seleccionado_no_estrecha_el_catalogo_global" time="0.986" /><testcase classname="tests.test_company_catalog" name="test_t10_ac20_ac21_sin_migracion_y_sin_conector" time="0.011" /><testcase classname="tests.test_corrections" name="test_la_correccion_escribe_el_valor[observations-corregido-corregido]" time="0.466" /><testcase classname="tests.test_corrections" name="test_la_correccion_escribe_el_valor[vaccination_route-ocular-ocular]" time="0.485" /><testcase classname="tests.test_corrections" name="test_la_correccion_escribe_el_valor[treatment_days-7-7]" time="0.466" /><testcase classname="tests.test_corrections" name="test_la_correccion_escribe_el_valor[vaccine_id-1-1]" time="0.465" /><testcase classname="tests.test_corrections" name="test_la_correccion_escribe_el_valor[dosage_per_bird-0.5-0.5]" time="0.463" /><testcase classname="tests.test_corrections" name="test_el_registro_conserva_el_valor_original" time="0.449" /><testcase classname="tests.test_corrections" name="test_el_original_lo_lee_el_servidor_no_el_cliente" time="0.427" /><testcase classname="tests.test_corrections" name="test_el_evento_corregido_no_queda_aprobado" time="0.461" /><testcase classname="tests.test_corrections" name="test_la_version_del_evento_avanza" time="0.460" /><testcase classname="tests.test_corrections" name="test_no_se_puede_corregir_lo_que_no_es_un_dato_operativo[status]" time="0.447" /><testcase classname="tests.test_corrections" name="test_no_se_puede_corregir_lo_que_no_es_un_dato_operativo[company_id]" time="0.447" /><testcase classname="tests.test_corrections" name="test_no_se_puede_corregir_lo_que_no_es_un_dato_operativo[registered_by_id]" time="0.445" /><testcase classname="tests.test_corrections" name="test_no_se_puede_corregir_lo_que_no_es_un_dato_operativo[approved_by_id]" time="0.446" /><testcase classname="tests.test_corrections" name="test_no_se_puede_corregir_lo_que_no_es_un_dato_operativo[id]" time="0.448" /><testcase classname="tests.test_corrections" name="test_no_se_puede_corregir_lo_que_no_es_un_dato_operativo[event_type]" time="0.448" /><testcase classname="tests.test_corrections" name="test_un_valor_del_tipo_equivocado_da_400_no_500" time="0.414" /><testcase classname="tests.test_corrections" name="test_no_se_corrige_un_evento_cancelado" time="0.464" /><testcase classname="tests.test_corrections" name="test_la_fecha_corregida_sigue_sujeta_a_las_reglas" time="0.455" /><testcase classname="tests.test_edit_cancel_balance" name="test_r173_01_control_la_cantidad_no_se_edita_ni_se_corrige" time="2.371" /><testcase classname="tests.test_edit_cancel_balance" name="test_r173_02_mover_una_salida_a_un_lote_sin_saldo_se_deniega" time="3.434" /><testcase classname="tests.test_edit_cancel_balance" name="test_r173_03_10_mover_una_salida_con_saldo_es_verdad_final_y_auditada" time="2.584" /><testcase classname="tests.test_edit_cancel_balance" name="test_r173_04_mover_una_entrada_conserva_el_origen_no_negativo" time="3.579" /><testcase classname="tests.test_edit_cancel_balance" name="test_r173_05_cancelar_una_entrada_que_dejaria_negativo_se_deniega" time="3.008" /><testcase classname="tests.test_edit_cancel_balance" name="test_r173_06_07_cancelar_con_saldo_suficiente_y_segunda_cancelacion_sin_efecto" time="2.754" /><testcase classname="tests.test_edit_cancel_balance" name="test_r173_07b_dos_cancelaciones_concurrentes_una_sola_transicion" time="3.411" /><testcase classname="tests.test_edit_cancel_balance" name="test_r173_08_carrera_cancelar_una_entrada_frente_a_salidas_concurrentes" time="3.382" /><testcase classname="tests.test_edit_cancel_balance" name="test_r173_09_carrera_mover_una_entrada_frente_a_una_salida_en_el_origen" time="2.688" /><testcase classname="tests.test_edit_cancel_balance" name="test_r173_11_correccion_de_lote_a_otra_empresa_se_deniega" time="2.404" /><testcase classname="tests.test_edit_cancel_balance" name="test_r173_12_correccion_de_lote_a_unidad_apagada_o_sin_concesion_se_deniega" time="2.621" /><testcase classname="tests.test_edit_cancel_balance" name="test_r173_13_correccion_de_lote_a_destino_sin_saldo_inactivo_o_con_fecha_invalida_se_deniega" time="2.835" /><testcase classname="tests.test_edit_cancel_balance" name="test_r173_14_correccion_de_ubicacion_a_otra_empresa_se_deniega" time="2.325" /><testcase classname="tests.test_edit_cancel_balance" name="test_r173_17_control_un_evento_sin_efecto_cambia_de_lote" time="2.329" /><testcase classname="tests.test_edit_cancel_balance" name="test_r174_01_despacho_de_cero_pollitos_se_rechaza_sin_fila" time="2.383" /><testcase classname="tests.test_edit_cancel_balance" name="test_r174_02_05_negativo_uno_resto_exacto_y_uno_de_mas" time="2.520" /><testcase classname="tests.test_edit_validation_parity" name="test_r176_01_02_editar_o_corregir_el_galpon_por_debajo_de_la_capacidad_se_deniega" time="1.628" /><testcase classname="tests.test_edit_validation_parity" name="test_r176_03_04_06_07_mover_el_acumulado_a_una_oc_sin_cupo_se_deniega_y_con_cupo_se_acepta" time="1.866" /><testcase classname="tests.test_edit_validation_parity" name="test_r176_05_editar_o_corregir_la_fecha_fuera_de_las_reglas_se_deniega" time="1.918" /><testcase classname="tests.test_edit_validation_parity" name="test_r176_05b_quitar_la_ubicacion_de_un_evento_que_la_exige_se_deniega" time="1.744" /><testcase classname="tests.test_edit_validation_parity" name="test_r176_05c_duplicar_el_documento_sap_por_edicion_se_deniega" time="1.839" /><testcase classname="tests.test_edit_validation_parity" name="test_r176_09_la_edicion_valida_no_repite_los_efectos_del_alta" time="1.523" /><testcase classname="tests.test_edit_validation_parity" name="test_r176_11_12_aprobado_inmutable_y_cadena_de_seguridad_antes_de_las_reglas" time="1.685" /><testcase classname="tests.test_egg_incubation_concurrency" name="test_r161_01_02_03_15_secuencial_resto_exacto_y_uno_de_mas" time="2.705" /><testcase classname="tests.test_egg_incubation_concurrency" name="test_r161_04_la_cantidad_cero_se_rechaza" time="2.399" /><testcase classname="tests.test_egg_incubation_concurrency" name="test_r161_05_despachos_de_huevos_concurrentes_no_exceden_el_saldo" time="3.220" /><testcase classname="tests.test_egg_incubation_concurrency" name="test_r161_06_cargas_de_incubadora_concurrentes_no_exceden_lo_recibido" time="2.964" /><testcase classname="tests.test_egg_incubation_concurrency" name="test_r161_07_dos_lotes_distintos_no_se_serializan_entre_si" time="2.450" /><testcase classname="tests.test_egg_incubation_concurrency" name="test_r161_10_14_empresa_unidad_concesion_rbac_y_contexto_global" time="2.452" /><testcase classname="tests.test_egg_incubation_concurrency" name="test_r161_16_control_r171_mortalidad_y_descarte_en_incubadora_restan_de_viables_una_vez" time="2.496" /><testcase classname="tests.test_egg_type_availability" name="test_r172_01_el_huevo_fertil_cuenta_como_disponible" time="0.573" /><testcase classname="tests.test_egg_type_availability" name="test_r172_02_05_recoleccion_mixta_solo_cuenta_el_fertil_y_conserva_las_filas" time="0.591" /><testcase classname="tests.test_egg_type_availability" name="test_r172_03_un_tipo_no_disponible_no_infla_el_saldo[dirty]" time="0.511" /><testcase classname="tests.test_egg_type_availability" name="test_r172_03_un_tipo_no_disponible_no_infla_el_saldo[broken]" time="0.501" /><testcase classname="tests.test_egg_type_availability" name="test_r172_03_un_tipo_no_disponible_no_infla_el_saldo[infertile]" time="0.512" /><testcase classname="tests.test_egg_type_availability" name="test_r172_03_un_tipo_no_disponible_no_infla_el_saldo[discarded]" time="0.502" /><testcase classname="tests.test_egg_type_availability" name="test_r172_03_un_tipo_no_disponible_no_infla_el_saldo[commercial]" time="0.498" /><testcase classname="tests.test_egg_type_availability" name="test_r172_04_un_despacho_con_fila_no_fertil_se_rechaza_sin_fila" time="0.510" /><testcase classname="tests.test_egg_type_availability" name="test_r172_06_en_la_incubadora_solo_cuenta_el_fertil_recibido" time="0.586" /><testcase classname="tests.test_environment_guard" name="test_rechaza_entorno_vacio" time="0.001" /><testcase classname="tests.test_environment_guard" name="test_rechaza_sin_marcador_explicito" time="0.001" /><testcase classname="tests.test_environment_guard" name="test_rechaza_environments_no_aptos[production]" time="0.001" /><testcase classname="tests.test_environment_guard" name="test_rechaza_environments_no_aptos[PRODUCTION]" time="0.001" /><testcase classname="tests.test_environment_guard" name="test_rechaza_environments_no_aptos[prod]" time="0.001" /><testcase classname="tests.test_environment_guard" name="test_rechaza_environments_no_aptos[staging]" time="0.001" /><testcase classname="tests.test_environment_guard" name="test_rechaza_environments_no_aptos[preprod]" time="0.001" /><testcase classname="tests.test_environment_guard" name="test_rechaza_sin_url_de_test" time="0.001" /><testcase classname="tests.test_environment_guard" name="test_rechaza_bases_prohibidas[avicolav2]" time="0.001" /><testcase classname="tests.test_environment_guard" name="test_rechaza_bases_prohibidas[avicola]" time="0.001" /><testcase classname="tests.test_environment_guard" name="test_rechaza_bases_prohibidas[globalavicola]" time="0.001" /><testcase classname="tests.test_environment_guard" name="test_rechaza_bases_prohibidas[postgres]" time="0.001" /><testcase classname="tests.test_environment_guard" name="test_rechaza_nombres_que_no_son_de_test[midb]" time="0.001" /><testcase classname="tests.test_environment_guard" name="test_rechaza_nombres_que_no_son_de_test[avicola_dev]" time="0.001" /><testcase classname="tests.test_environment_guard" name="test_rechaza_nombres_que_no_son_de_test[produccion]" time="0.001" /><testcase classname="tests.test_environment_guard" name="test_rechaza_nombres_que_no_son_de_test[app]" time="0.001" /><testcase classname="tests.test_environment_guard" name="test_rechaza_colision_con_la_base_declarada_por_la_aplicacion" time="0.001" /><testcase classname="tests.test_environment_guard" name="test_no_hay_falso_positivo_al_sobrescribir_database_url" time="0.001" /><testcase classname="tests.test_environment_guard" name="test_rechaza_url_sin_nombre_de_base" time="0.001" /><testcase classname="tests.test_environment_guard" name="test_acepta_entorno_de_pruebas_valido[test_global_avicola]" time="0.001" /><testcase classname="tests.test_environment_guard" name="test_acepta_entorno_de_pruebas_valido[test_ga]" time="0.001" /><testcase classname="tests.test_environment_guard" name="test_acepta_entorno_de_pruebas_valido[avicola_test]" time="0.001" /><testcase classname="tests.test_environment_guard" name="test_require_lanza_excepcion_con_entorno_inseguro" time="0.001" /><testcase classname="tests.test_environment_guard" name="test_require_devuelve_decision_con_entorno_valido" time="0.001" /><testcase classname="tests.test_environment_guard" name="test_las_cinco_senales_son_obligatorias" time="0.001" /><testcase classname="tests.test_f01d_filas_vacias" name="test_f01d_01_escritura_feed_fila_vacia_422_sin_persistir" time="1.022" /><testcase classname="tests.test_f01d_filas_vacias" name="test_f01d_02_escritura_hatchery_fila_vacia_422" time="1.015" /><testcase classname="tests.test_f01d_filas_vacias" name="test_f01d_03_fila_valida_conservada_y_visible" time="1.079" /><testcase classname="tests.test_f01d_filas_vacias" name="test_f01d_04_lectura_tolerante_de_fila_historica" time="1.081" /><testcase classname="tests.test_f01d_filas_vacias" name="test_f01d_05_detalle_canonico_sin_500" time="1.075" /><testcase classname="tests.test_full_workflow_audit" name="test_f1_create_bird_reception" time="0.426" /><testcase classname="tests.test_full_workflow_audit" name="test_f1_create_feed_registration" time="0.381" /><testcase classname="tests.test_full_workflow_audit" name="test_f1_create_egg_collection" time="0.414" /><testcase classname="tests.test_full_workflow_audit" name="test_f1_create_farm_inspection" time="0.420" /><testcase classname="tests.test_full_workflow_audit" name="test_f1_create_vaccination" time="0.390" /><testcase classname="tests.test_full_workflow_audit" name="test_f1_create_egg_dispatch" time="0.387" /><testcase classname="tests.test_full_workflow_audit" name="test_f1_idempotency_prevention" time="0.411" /><testcase classname="tests.test_full_workflow_audit" name="test_f2_submit_to_review" time="0.482" /><testcase classname="tests.test_full_workflow_audit" name="test_f3_start_review_and_correct" time="0.608" /><testcase classname="tests.test_full_workflow_audit" name="test_f3b_correction_not_allowed_on_approved" time="0.394" /><testcase classname="tests.test_full_workflow_audit" name="test_f4_approve_event" time="0.807" /><testcase classname="tests.test_full_workflow_audit" name="test_f4b_segregation_enforcement" time="0.599" /><testcase classname="tests.test_full_workflow_audit" name="test_f5_reject_event" time="0.651" /><testcase classname="tests.test_full_workflow_audit" name="test_f5b_reject_requires_reason" time="0.347" /><testcase classname="tests.test_full_workflow_audit" name="test_f6_audit_trail_complete" time="0.656" /><testcase classname="tests.test_full_workflow_audit" name="test_f6b_audit_logs_never_deleted" time="0.332" /><testcase classname="tests.test_full_workflow_audit" name="test_f6c_audit_filter_by_user_action" time="0.401" /><testcase classname="tests.test_full_workflow_audit" name="test_f7_full_workflow_simulated_multirole" time="0.656" /><testcase classname="tests.test_full_workflow_audit" name="test_f8_cancel_event_with_audit" time="0.483" /><testcase classname="tests.test_full_workflow_audit" name="test_f8b_duplicate_sap_document_blocked" time="0.445" /><testcase classname="tests.test_full_workflow_audit" name="test_f8c_business_rule_mortality_exceeds_balance" time="0.375" /><testcase classname="tests.test_full_workflow_audit" name="test_f9_dashboard_data_integrity" time="0.453" /><testcase classname="tests.test_full_workflow_audit" name="test_f10_all_event_types_registered" time="0.333" /><testcase classname="tests.test_ga_rem_003_ac04_logout_revocation" name="test_ac04_01_logout_revoca_el_refresh" time="0.707" /><testcase classname="tests.test_ga_rem_003_ac04_logout_revocation" name="test_ac04_02_control_el_refresh_normal_sigue_renovando" time="0.687" /><testcase classname="tests.test_ga_rem_003_ac04_logout_revocation" name="test_ac04_03_logout_es_idempotente" time="0.725" /><testcase classname="tests.test_ga_rem_003_ac04_logout_revocation" name="test_ac04_04_control_el_logout_de_una_sesion_no_anula_otra" time="1.041" /><testcase classname="tests.test_ga_rem_003_ac04_logout_revocation" name="test_ac04_05_auditoria_del_logout" time="0.708" /><testcase classname="tests.test_ga_rem_003_ac04_logout_revocation" name="test_ac04_06_control_logout_con_token_invalido_no_afecta" time="0.701" /><testcase classname="tests.test_ga_rem_003_ac04_logout_revocation" name="test_ac04_07_el_refresh_lleva_jti" time="0.665" /><testcase classname="tests.test_genetic_curves" name="test_t_037_01_las_tres_lineas_iniciales_se_siembran" time="0.069" /><testcase classname="tests.test_genetic_curves" name="test_t_037_02_se_pueden_anadir_otras_lineas" time="0.414" /><testcase classname="tests.test_genetic_curves" name="test_t_037_03_una_linea_admite_varias_versiones" time="0.499" /><testcase classname="tests.test_genetic_curves" name="test_t_037_04_la_version_es_unica_dentro_de_la_linea" time="0.461" /><testcase classname="tests.test_genetic_curves" name="test_t_037_05_un_punto_incoherente_se_rechaza[punto0-min_weight]" time="0.430" /><testcase classname="tests.test_genetic_curves" name="test_t_037_05_un_punto_incoherente_se_rechaza[punto1-target_weight]" time="0.428" /><testcase classname="tests.test_genetic_curves" name="test_t_037_06_la_edad_negativa_se_rechaza" time="0.428" /><testcase classname="tests.test_genetic_curves" name="test_t_037_07_dos_puntos_con_la_misma_edad_se_rechazan" time="0.428" /><testcase classname="tests.test_genetic_curves" name="test_t_037_08_una_tabla_valida_se_importa_entera" time="0.436" /><testcase classname="tests.test_genetic_curves" name="test_t_037_09_una_tabla_invalida_no_deja_nada" time="0.434" /><testcase classname="tests.test_genetic_curves" name="test_t_037_10_el_informe_enumera_todos_los_defectos" time="0.430" /><testcase classname="tests.test_genetic_curves" name="test_t_037_11_el_lote_guarda_la_version_concreta" time="0.489" /><testcase classname="tests.test_genetic_curves" name="test_t_037_12_publicar_una_version_no_toca_los_lotes_existentes" time="0.551" /><testcase classname="tests.test_genetic_curves" name="test_t_037_13_una_curva_de_otra_linea_se_rechaza" time="0.573" /><testcase classname="tests.test_genetic_curves" name="test_t_037_14_un_lote_sin_curva_cargada_no_inventa_ninguna" time="0.462" /><testcase classname="tests.test_genetic_curves" name="test_t_037_15_las_curvas_no_cruzan_de_empresa" time="0.528" /><testcase classname="tests.test_grandparent_import" name="test_r152_01_08_19_la_importacion_completa_es_documental_y_se_anula_sin_efecto" time="3.390" /><testcase classname="tests.test_grandparent_import" name="test_r152_02_sin_plan_se_deniega" time="2.941" /><testcase classname="tests.test_grandparent_import" name="test_r152_03_identidades_del_plan[embarcada \u2260 recibida + mortalidad-cambios0-None]" time="2.886" /><testcase classname="tests.test_grandparent_import" name="test_r152_03_identidades_del_plan[recibida \u2260 \u03a3 \u2642/\u2640-cambios1-filas1]" time="2.876" /><testcase classname="tests.test_grandparent_import" name="test_r152_03_identidades_del_plan[llegada anterior a la salida-cambios2-None]" time="2.881" /><testcase classname="tests.test_grandparent_import" name="test_r152_03_identidades_del_plan[fin de cuarentena anterior a la llegada-cambios3-None]" time="2.884" /><testcase classname="tests.test_grandparent_import" name="test_r152_03_identidades_del_plan[sin pa\xeds-cambios4-None]" time="2.891" /><testcase classname="tests.test_grandparent_import" name="test_r152_03_identidades_del_plan[sin filas \u2642/\u2640-cambios5-filas5]" time="2.880" /><testcase classname="tests.test_grandparent_import" name="test_r152_03b_cantidad_comprada_cero_se_rechaza" time="2.869" /><testcase classname="tests.test_grandparent_import" name="test_r152_05_09_oc_proveedor_transporte_y_tupla_de_recepcion" time="3.021" /><testcase classname="tests.test_grandparent_import" name="test_r152_04_la_importacion_solo_sobre_un_lote_de_abuelas" time="2.868" /><testcase classname="tests.test_grandparent_import" name="test_r152_06_07_los_adjuntos_del_plan_se_clasifican" time="3.293" /><testcase classname="tests.test_grandparent_import" name="test_r152_10_11_las_concesiones_no_se_heredan_entre_unidades" time="2.950" /><testcase classname="tests.test_grandparent_import" name="test_r152_11b_una_empresa_con_progenitoras_y_sin_reproductoras_importa" time="2.915" /><testcase classname="tests.test_grandparent_import" name="test_r152_12_13_14_empresa_apagada_global_e_inquilino" time="2.998" /><testcase classname="tests.test_grandparent_import" name="test_r152_15_16_rbac_administrador_de_accesos_y_contraloria" time="2.882" /><testcase classname="tests.test_grandparent_import" name="test_r152_17_la_edicion_revalida_el_plan" time="3.092" /><testcase classname="tests.test_grandparent_import" name="test_r152_18_la_correccion_revalida_el_plan" time="3.037" /><testcase classname="tests.test_grant_candidates" name="test_c1_el_administrador_ve_a_los_elegibles_de_su_empresa" time="2.497" /><testcase classname="tests.test_grant_candidates" name="test_c9_quien_ya_la_tiene_aparece_marcado" time="2.496" /><testcase classname="tests.test_grant_candidates" name="test_c8_la_proyeccion_es_minima_y_exacta" time="2.493" /><testcase classname="tests.test_grant_candidates" name="test_las_listas_llegan_ordenadas_por_username" time="2.493" /><testcase classname="tests.test_grant_candidates" name="test_una_unidad_no_habilitada_no_tiene_candidatos" time="2.511" /><testcase classname="tests.test_grant_candidates" name="test_c2_el_mismo_actor_sigue_sin_poder_listar_usuarios" time="2.541" /><testcase classname="tests.test_grant_candidates" name="test_c4_c5_sin_autoridad_de_conceder_no_hay_candidatos" time="2.509" /><testcase classname="tests.test_grant_candidates" name="test_c3_conocer_a_un_usuario_ajeno_no_lo_trae" time="2.504" /><testcase classname="tests.test_grant_candidates" name="test_c6_la_autoridad_global_situada_ve_solo_esa_empresa" time="2.517" /><testcase classname="tests.test_grant_candidates" name="test_c7_la_autoridad_global_sin_contexto_no_obtiene_la_union" time="2.521" /><testcase classname="tests.test_grant_candidates" name="test_c13_descubrir_no_escribe_nada" time="2.522" /><testcase classname="tests.test_grant_candidates" name="test_c10_e2e_descubrir_elegir_y_conceder" time="2.554" /><testcase classname="tests.test_grant_candidates" name="test_c11_la_auto_concesion_sigue_denegada_aunque_no_se_ofrezca" time="2.499" /><testcase classname="tests.test_grant_candidates" name="test_c12_un_objetivo_ajeno_enviado_a_mano_sigue_denegado" time="2.499" /><testcase classname="tests.test_handoff_contract" name="test_od10b_un_despacho_sin_destino_se_rechaza" time="0.684" /><testcase classname="tests.test_handoff_contract" name="test_od10b_con_destino_declarado_se_crea" time="0.703" /><testcase classname="tests.test_handoff_contract" name="test_no_se_despacha_desde_un_lote_de_otra_cadena" time="0.692" /><testcase classname="tests.test_handoff_contract" name="test_el_destino_no_exige_tener_su_cadena" time="0.705" /><testcase classname="tests.test_handoff_contract" name="test_el_huevo_fertil_no_se_despacha_a_un_lote_de_engorde" time="0.695" /><testcase classname="tests.test_handoff_contract" name="test_no_se_despacha_a_otra_empresa" time="0.682" /><testcase classname="tests.test_handoff_contract" name="test_la_proyeccion_no_lleva_datos_internos_del_otro_lado" time="0.740" /><testcase classname="tests.test_handoff_contract" name="test_el_destino_ve_el_traspaso_dirigido_a_el" time="0.730" /><testcase classname="tests.test_handoff_contract" name="test_la_otra_incubadora_no_ve_el_traspaso" time="0.727" /><testcase classname="tests.test_handoff_contract" name="test_conocer_el_lote_del_otro_lado_no_abre_su_detalle" time="0.753" /><testcase classname="tests.test_handoff_contract" name="test_participar_en_un_traspaso_no_concede_la_cadena_ajena" time="0.722" /><testcase classname="tests.test_handoff_contract" name="test_el_destino_tampoco_gana_la_cadena_del_origen" time="0.720" /><testcase classname="tests.test_handoff_contract" name="test_el_nombre_del_rol_no_abre_el_traspaso_ajeno" time="0.688" /><testcase classname="tests.test_internal_reversal" name="test_rv01_la_solicitud_crea_la_contrapartida_y_el_original_sigue_aprobado" time="2.933" /><testcase classname="tests.test_internal_reversal" name="test_rv02_los_estados_no_elegibles_se_rechazan" time="3.147" /><testcase classname="tests.test_internal_reversal" name="test_rv03_ef04_un_original_admite_una_sola_contrapartida_efectiva" time="3.099" /><testcase classname="tests.test_internal_reversal" name="test_rv03_con_solicitud_activa_la_segunda_es_409" time="2.929" /><testcase classname="tests.test_internal_reversal" name="test_rv04_la_contrapartida_cancelada_no_es_efectiva_y_permite_nueva_solicitud" time="3.351" /><testcase classname="tests.test_internal_reversal" name="test_rv05_rv02_control_los_corregibles_no_entran_en_el_reverso" time="2.913" /><testcase classname="tests.test_internal_reversal" name="test_rv06_el_original_y_la_contrapartida_son_inmutables" time="3.257" /><testcase classname="tests.test_internal_reversal" name="test_rv06_la_contrapartida_pendiente_no_se_edita_ni_corrige" time="2.973" /><testcase classname="tests.test_internal_reversal" name="test_rv07_huevos_e_incubacion_quedan_bloqueados_por_r161" time="2.874" /><testcase classname="tests.test_internal_reversal" name="test_ef01_ef03_el_reverso_aprobado_restaura_exactamente_el_saldo_previo" time="3.132" /><testcase classname="tests.test_internal_reversal" name="test_ef02_ef05_un_reverso_que_dejaria_saldo_negativo_no_se_aplica_y_no_deja_efectos" time="3.088" /><testcase classname="tests.test_internal_reversal" name="test_ef06_dos_solicitudes_concurrentes_producen_una_sola_contrapartida" time="2.918" /><testcase classname="tests.test_internal_reversal" name="test_ef07_un_evento_sin_efecto_de_saldo_se_reversa_sin_tocar_el_saldo" time="3.083" /><testcase classname="tests.test_internal_reversal" name="test_s01_s02_otra_empresa_y_la_global_sin_contexto_fallan_cerradas" time="2.920" /><testcase classname="tests.test_internal_reversal" name="test_s03_s04_la_unidad_apagada_o_no_concedida_no_se_reversa" time="2.913" /><testcase classname="tests.test_internal_reversal" name="test_s05_s07_sin_capacidad_de_reverso_no_hay_reverso" time="2.921" /><testcase classname="tests.test_internal_reversal" name="test_s08_el_cuerpo_no_es_autoridad_sobre_cantidades_ni_empresa" time="2.914" /><testcase classname="tests.test_internal_reversal" name="test_s09_progenitoras_reversa_lo_suyo_y_no_lo_de_reproductoras" time="2.907" /><testcase classname="tests.test_internal_reversal" name="test_au01_au02_el_motivo_es_obligatorio_y_no_vacio" time="2.899" /><testcase classname="tests.test_internal_reversal" name="test_au03_au05_la_historia_completa_queda_registrada" time="3.043" /><testcase classname="tests.test_internal_reversal" name="test_au06_una_solicitud_denegada_no_deja_fila_ni_auditoria" time="2.901" /><testcase classname="tests.test_internal_reversal" name="test_rv01_control_las_lecturas_muestran_el_reverso_a_quien_puede_leerlo" time="2.954" /><testcase classname="tests.test_kpi_hatchery" name="test_t_014_01_la_incubadora_devuelve_numeros_y_no_texto" time="1.096" /><testcase classname="tests.test_kpi_hatchery" name="test_t_015_07_el_descarte_separa_rendimiento_de_nacimiento" time="1.306" /><testcase classname="tests.test_kpi_hatchery" name="test_t_085_02_eclosion_y_nacimiento_no_son_el_mismo_numero" time="1.093" /><testcase classname="tests.test_kpi_hatchery" name="test_t_014_03_sin_carga_devuelve_nulo_no_cero" time="0.458" /><testcase classname="tests.test_kpi_hatchery" name="test_t_022_04_los_eventos_sin_aprobar_no_cuentan" time="1.171" /><testcase classname="tests.test_kpi_hatchery" name="test_t_086_05_la_fertilidad_se_calcula" time="1.090" /><testcase classname="tests.test_kpi_hatchery" name="test_t_022_06_el_agregado_no_incluye_otra_empresa" time="1.097" /><testcase classname="tests.test_kpi_scope" name="test_el_kpi_del_lote_propio_funciona" time="1.028" /><testcase classname="tests.test_kpi_scope" name="test_el_kpi_de_un_lote_de_otra_cadena_es_inalcanzable" time="1.009" /><testcase classname="tests.test_kpi_scope" name="test_el_usuario_de_dos_cadenas_alcanza_los_dos_kpi" time="1.064" /><testcase classname="tests.test_kpi_scope" name="test_el_usuario_sin_unidades_no_alcanza_ningun_kpi" time="1.025" /><testcase classname="tests.test_kpi_scope" name="test_el_kpi_de_otra_empresa_sigue_siendo_inalcanzable" time="1.012" /><testcase classname="tests.test_kpi_scope" name="test_apagar_la_unidad_retira_su_kpi" time="1.019" /><testcase classname="tests.test_kpi_scope" name="test_los_demas_kpi_por_lote_tambien_se_acotan" time="1.147" /><testcase classname="tests.test_kpi_scope" name="test_los_kpi_por_ruta_con_lote_tambien" time="1.056" /><testcase classname="tests.test_kpi_scope" name="test_el_panel_no_revela_las_cadenas_ajenas_como_grupo" time="1.028" /><testcase classname="tests.test_kpi_scope" name="test_el_panel_del_usuario_de_dos_cadenas_las_muestra" time="1.025" /><testcase classname="tests.test_kpi_scope" name="test_el_panel_del_usuario_sin_unidades_no_muestra_ninguna" time="1.364" /><testcase classname="tests.test_kpi_scope" name="test_llamarse_contralor_no_amplia_el_agregado" time="1.376" /><testcase classname="tests.test_kpi_scope" name="test_el_filtro_de_seguridad_no_altera_la_regla_de_aprobacion" time="1.026" /><testcase classname="tests.test_kpi_scope" name="test_los_contadores_del_panel_no_cuentan_eventos_ajenos" time="1.065" /><testcase classname="tests.test_kpi_scope" name="test_el_panel_del_usuario_sin_unidades_no_cuenta_eventos" time="1.027" /><testcase classname="tests.test_lineage_cancel_move" name="test_r178_01_control_el_par_crea_un_vinculo_orientado_visible_desde_ambos_lotes" time="0.946" /><testcase classname="tests.test_lineage_cancel_move" name="test_r178_02_11_anular_el_despacho_retira_el_vinculo_efectivo_y_conserva_la_historia" time="1.100" /><testcase classname="tests.test_lineage_cancel_move" name="test_r178_03_anular_la_recepcion_deja_el_vinculo_incompleto_y_una_nueva_recepcion_lo_recasa" time="1.144" /><testcase classname="tests.test_lineage_cancel_move" name="test_r178_04_05_06_un_evento_casado_no_se_reasigna" time="1.368" /><testcase classname="tests.test_lineage_cancel_move" name="test_r178_07_la_denegacion_de_inquilino_o_unidad_no_toca_el_linaje" time="0.971" /><testcase classname="tests.test_lineage_cancel_move" name="test_r178_08_la_cadena_de_pollitos_sigue_el_mismo_contrato" time="1.418" /><testcase classname="tests.test_lineage_cancel_move" name="test_r178_09_10_controles_sin_vinculo_se_mueve_y_el_enlace_manual_sigue" time="1.062" /><testcase classname="tests.test_lot_area_eligibility" name="test_g07_01_alta_inactiva_denegada" time="0.500" /><testcase classname="tests.test_lot_area_eligibility" name="test_g07_02_alta_activa_permitida" time="0.488" /><testcase classname="tests.test_lot_area_eligibility" name="test_g07_03_alta_ajena_denegada_sin_enumerar" time="0.474" /><testcase classname="tests.test_lot_area_eligibility" name="test_g07_04_alta_inexistente_denegada" time="0.441" /><testcase classname="tests.test_lot_area_eligibility" name="test_g07_05_alta_null_sin_cambio" time="0.461" /><testcase classname="tests.test_lot_area_eligibility" name="test_g07_06_cambio_a_inactiva_denegado" time="0.592" /><testcase classname="tests.test_lot_area_eligibility" name="test_g07_07_historica_sin_cambio_update_permitido" time="0.575" /><testcase classname="tests.test_lot_area_eligibility" name="test_g07_08_mismo_id_inactivo_explicito_permitido" time="0.578" /><testcase classname="tests.test_lot_area_eligibility" name="test_g07_09_historica_a_activa_permitido" time="0.607" /><testcase classname="tests.test_lot_area_eligibility" name="test_g07_10_inactiva_a_inactiva_denegado" time="0.615" /><testcase classname="tests.test_lot_area_eligibility" name="test_g07_11_cambio_a_ajena_denegado" time="0.537" /><testcase classname="tests.test_lot_area_ownership" name="test_ga06a_01_el_alta_rechaza_area_de_otra_empresa" time="0.472" /><testcase classname="tests.test_lot_area_ownership" name="test_ga06a_02_la_edicion_rechaza_area_de_otra_empresa" time="0.567" /><testcase classname="tests.test_lot_area_ownership" name="test_ga06a_03_control_positivo_area_propia" time="0.578" /><testcase classname="tests.test_lot_area_ownership" name="test_ga06a_04_control_null" time="0.462" /><testcase classname="tests.test_lot_area_ownership" name="test_ga06a_05_area_inexistente_da_contrato_no_500" time="0.441" /><testcase classname="tests.test_lot_close_approval" name="test_t_076_01_con_todo_aprobado_el_lote_cierra" time="0.681" /><testcase classname="tests.test_lot_close_approval" name="test_t_076_02_un_registro_sin_aprobar_impide_el_cierre[draft]" time="0.678" /><testcase classname="tests.test_lot_close_approval" name="test_t_076_02_un_registro_sin_aprobar_impide_el_cierre[registered]" time="0.677" /><testcase classname="tests.test_lot_close_approval" name="test_t_076_02_un_registro_sin_aprobar_impide_el_cierre[pending_review]" time="0.674" /><testcase classname="tests.test_lot_close_approval" name="test_t_076_02_un_registro_sin_aprobar_impide_el_cierre[in_review]" time="0.678" /><testcase classname="tests.test_lot_close_approval" name="test_t_076_02_un_registro_sin_aprobar_impide_el_cierre[returned]" time="0.677" /><testcase classname="tests.test_lot_close_approval" name="test_t_076_02_un_registro_sin_aprobar_impide_el_cierre[corrected]" time="0.676" /><testcase classname="tests.test_lot_close_approval" name="test_t_076_02_un_registro_sin_aprobar_impide_el_cierre[rejected]" time="0.678" /><testcase classname="tests.test_lot_close_approval" name="test_t_076_03_los_estados_no_gobernados_no_bloquean[approved]" time="1.050" /><testcase classname="tests.test_lot_close_approval" name="test_t_076_03_los_estados_no_gobernados_no_bloquean[consolidated]" time="0.682" /><testcase classname="tests.test_lot_close_approval" name="test_t_076_03_los_estados_no_gobernados_no_bloquean[sent_to_sap]" time="0.684" /><testcase classname="tests.test_lot_close_approval" name="test_t_076_03_los_estados_no_gobernados_no_bloquean[sap_confirmed]" time="0.687" /><testcase classname="tests.test_lot_close_approval" name="test_t_076_03_los_estados_no_gobernados_no_bloquean[sap_error]" time="0.678" /><testcase classname="tests.test_lot_close_approval" name="test_t_076_03_los_estados_no_gobernados_no_bloquean[cancelled]" time="0.681" /><testcase classname="tests.test_lot_close_approval" name="test_t_076_04_aprobar_el_registro_desbloquea_el_cierre" time="0.723" /><testcase classname="tests.test_lot_close_approval" name="test_t_076_05_un_registro_de_otro_lote_no_influye" time="0.782" /><testcase classname="tests.test_lot_close_approval" name="test_t_076_06_br05_sigue_vigente" time="0.459" /><testcase classname="tests.test_lot_closure" name="test_t_073_01_el_cierre_responde_con_el_resumen" time="0.793" /><testcase classname="tests.test_lot_closure" name="test_t_073_02_el_contrato_esta_declarado" time="0.380" /><testcase classname="tests.test_lot_closure" name="test_t_073_03_el_lote_queda_cerrado_y_persistido" time="0.679" /><testcase classname="tests.test_lot_closure" name="test_t_074_04_br05_bloquea_el_cierre_incompleto[feed_registration-pesaje]" time="0.559" /><testcase classname="tests.test_lot_closure" name="test_t_074_04_br05_bloquea_el_cierre_incompleto[weight_recording-alimento]" time="0.566" /><testcase classname="tests.test_lot_closure" name="test_t_073_05_el_segundo_cierre_se_rechaza" time="0.681" /><testcase classname="tests.test_lot_closure" name="test_t_073_06_no_se_cierra_el_lote_de_otra_empresa" time="1.677" /><testcase classname="tests.test_lot_closure" name="test_t_073_07_sin_permiso_no_se_cierra" time="0.650" /><testcase classname="tests.test_lot_planned_close" name="test_t_038_40_la_fecha_prevista_se_persiste" time="0.481" /><testcase classname="tests.test_lot_planned_close" name="test_t_038_41_los_lotes_sin_fecha_prevista_se_admiten" time="0.448" /><testcase classname="tests.test_lot_planned_close" name="test_t_038_42_la_fecha_real_de_cierre_no_es_la_prevista" time="0.476" /><testcase classname="tests.test_lot_planned_close" name="test_t_038_43_la_ventana_es_de_cero_a_tres_dias[4-0]" time="0.469" /><testcase classname="tests.test_lot_planned_close" name="test_t_038_43_la_ventana_es_de_cero_a_tres_dias[3-1]" time="0.492" /><testcase classname="tests.test_lot_planned_close" name="test_t_038_43_la_ventana_es_de_cero_a_tres_dias[2-1]" time="0.473" /><testcase classname="tests.test_lot_planned_close" name="test_t_038_43_la_ventana_es_de_cero_a_tres_dias[1-1]" time="0.498" /><testcase classname="tests.test_lot_planned_close" name="test_t_038_43_la_ventana_es_de_cero_a_tres_dias[0-1]" time="0.476" /><testcase classname="tests.test_lot_planned_close" name="test_t_038_44_pasada_la_fecha_prevista_no_se_avisa" time="0.464" /><testcase classname="tests.test_lot_planned_close" name="test_t_038_45_un_lote_cerrado_no_avisa" time="0.479" /><testcase classname="tests.test_lot_planned_close" name="test_t_038_46_sin_fecha_prevista_no_hay_aviso_falso" time="0.460" /><testcase classname="tests.test_lot_planned_close" name="test_t_038_47_el_aviso_se_emite_una_sola_vez" time="0.525" /><testcase classname="tests.test_lot_planned_close" name="test_t_038_48_replanificar_vuelve_a_avisar" time="0.550" /><testcase classname="tests.test_lot_planned_close" name="test_t_038_49_avisa_a_quien_registro_el_lote_y_no_al_evaluador" time="0.856" /><testcase classname="tests.test_lot_row_scope" name="test_el_usuario_de_dos_cadenas_ve_las_dos" time="1.007" /><testcase classname="tests.test_lot_row_scope" name="test_el_usuario_de_una_cadena_no_ve_la_otra" time="1.003" /><testcase classname="tests.test_lot_row_scope" name="test_el_usuario_sin_unidades_no_ve_ningun_lote" time="0.999" /><testcase classname="tests.test_lot_row_scope" name="test_no_se_ven_los_lotes_de_otra_empresa" time="1.003" /><testcase classname="tests.test_lot_row_scope" name="test_apagar_la_unidad_a_la_empresa_retira_sus_lotes" time="1.011" /><testcase classname="tests.test_lot_row_scope" name="test_un_lote_sin_cadena_declarada_no_se_muestra" time="1.000" /><testcase classname="tests.test_lot_row_scope" name="test_pedir_la_otra_cadena_por_parametro_no_la_devuelve" time="0.998" /><testcase classname="tests.test_lot_row_scope" name="test_el_detalle_de_un_lote_de_otra_cadena_es_inalcanzable" time="0.992" /><testcase classname="tests.test_lot_row_scope" name="test_el_detalle_del_lote_propio_sigue_funcionando" time="1.001" /><testcase classname="tests.test_lot_row_scope" name="test_el_detalle_de_otra_empresa_sigue_siendo_inalcanzable" time="0.994" /><testcase classname="tests.test_lot_row_scope" name="test_no_se_modifica_un_lote_de_otra_cadena" time="1.001" /><testcase classname="tests.test_lot_row_scope" name="test_si_se_modifica_un_lote_propio" time="1.007" /><testcase classname="tests.test_lot_row_scope" name="test_el_total_no_cuenta_lo_que_no_se_ve" time="1.000" /><testcase classname="tests.test_lot_row_scope" name="test_el_alcance_se_aplica_antes_de_paginar" time="0.998" /><testcase classname="tests.test_lot_row_scope" name="test_las_fases_de_un_lote_de_otra_cadena_son_inalcanzables" time="0.994" /><testcase classname="tests.test_lot_row_scope" name="test_las_fases_del_lote_propio_siguen_funcionando" time="0.997" /><testcase classname="tests.test_lot_row_scope" name="test_las_fases_de_otra_empresa_son_inalcanzables" time="0.993" /><testcase classname="tests.test_lot_row_scope" name="test_el_saldo_de_apertura_de_otra_cadena_es_inalcanzable" time="0.997" /><testcase classname="tests.test_lot_row_scope" name="test_no_se_activa_manualmente_un_lote_de_otra_cadena" time="1.002" /><testcase classname="tests.test_lot_row_scope" name="test_no_se_cuelga_una_fase_de_un_lote_de_otra_cadena" time="1.000" /><testcase classname="tests.test_lot_row_scope" name="test_llamarse_administrador_no_amplia_el_alcance" time="1.664" /><testcase classname="tests.test_lot_start_date" name="test_t_047_01_la_fecha_declarada_se_persiste" time="0.476" /><testcase classname="tests.test_lot_start_date" name="test_t_047_02_omitirla_mantiene_el_flujo_normal" time="0.445" /><testcase classname="tests.test_lot_start_date" name="test_t_047_03_la_edad_deriva_del_inicio_declarado" time="1.008" /><testcase classname="tests.test_lot_start_date" name="test_t_047_04_br06_acepta_lo_posterior_y_rechaza_lo_anterior" time="0.536" /><testcase classname="tests.test_lot_start_date" name="test_t_047_05_la_activacion_manual_no_pisa_la_fecha_con_hoy" time="0.524" /><testcase classname="tests.test_lot_start_date" name="test_t_047_06_una_empresa_ajena_no_crea_el_lote_en_la_propia" time="0.452" /><testcase classname="tests.test_lots_bu_enforcement" name="test_l01_control_el_actor_crea_un_lote_de_su_unidad_efectiva" time="1.962" /><testcase classname="tests.test_lots_bu_enforcement" name="test_l02_la_unidad_habilitada_sin_concesion_no_admite_alta" time="1.971" /><testcase classname="tests.test_lots_bu_enforcement" name="test_l03_la_unidad_apagada_no_admite_alta_aunque_haya_concesion_historica" time="1.975" /><testcase classname="tests.test_lots_bu_enforcement" name="test_l04_cero_unidades_efectivas_no_crea_lotes" time="1.997" /><testcase classname="tests.test_lots_bu_enforcement" name="test_l04_control_con_una_unidad_efectiva_el_lote_sin_cadena_nace_pendiente" time="1.960" /><testcase classname="tests.test_lots_bu_enforcement" name="test_l05_la_autoridad_global_sin_contexto_no_crea_lotes" time="1.981" /><testcase classname="tests.test_lots_bu_enforcement" name="test_l06_control_la_autoridad_global_situada_crea_en_unidad_habilitada_sin_concesion" time="1.966" /><testcase classname="tests.test_lots_bu_enforcement" name="test_l07_la_autoridad_global_situada_no_crea_en_unidad_apagada" time="1.972" /><testcase classname="tests.test_lots_bu_enforcement" name="test_l08_put_sobre_unidad_apagada_falla_cerrada_para_la_autoridad_global" time="1.966" /><testcase classname="tests.test_lots_bu_enforcement" name="test_l08_close_sobre_unidad_apagada_falla_cerrada_para_la_autoridad_global" time="1.961" /><testcase classname="tests.test_lots_bu_enforcement" name="test_l08_activate_manual_sobre_unidad_apagada_falla_cerrada_para_la_autoridad_global" time="1.960" /><testcase classname="tests.test_lots_bu_enforcement" name="test_l08_phases_sobre_unidad_apagada_falla_cerrada_para_la_autoridad_global" time="1.978" /><testcase classname="tests.test_lots_bu_enforcement" name="test_l09_control_la_autoridad_global_situada_escribe_sobre_unidad_habilitada" time="2.061" /><testcase classname="tests.test_lots_bu_enforcement" name="test_l09_control_la_autoridad_global_situada_cierra_un_lote_de_unidad_habilitada" time="2.106" /><testcase classname="tests.test_lots_bu_enforcement" name="test_l10_control_el_actor_edita_el_suyo_y_no_el_de_otra_cadena" time="1.987" /><testcase classname="tests.test_lots_bu_enforcement" name="test_l11_frontera_de_lectura_la_autoridad_global_situada_no_ve_la_unidad_apagada" time="1.978" /><testcase classname="tests.test_lots_bu_enforcement" name="test_l11_frontera_de_lectura_el_actor_no_ve_la_unidad_apagada_ni_la_no_concedida" time="1.959" /><testcase classname="tests.test_lots_bu_enforcement" name="test_l12_control_el_administrador_de_accesos_no_crea_lotes" time="1.951" /><testcase classname="tests.test_lots_bu_enforcement" name="test_l14_progenitoras_el_actor_de_abuelas_crea_abuelas_y_no_reproductoras" time="2.009" /><testcase classname="tests.test_lots_bu_enforcement" name="test_l15_control_el_plano_de_control_administra_la_unidad_apagada" time="1.971" /><testcase classname="tests.test_lots_bu_enforcement" name="test_e01_control_el_actor_descarga_la_evidencia_de_su_unidad" time="1.955" /><testcase classname="tests.test_lots_bu_enforcement" name="test_e02_la_evidencia_de_una_unidad_habilitada_no_concedida_es_inalcanzable" time="1.954" /><testcase classname="tests.test_lots_bu_enforcement" name="test_e03_la_evidencia_de_una_unidad_apagada_es_inalcanzable_aunque_haya_concesion" time="1.951" /><testcase classname="tests.test_lots_bu_enforcement" name="test_e04_cero_unidades_efectivas_no_descarga_nada" time="1.948" /><testcase classname="tests.test_lots_bu_enforcement" name="test_e05_control_la_evidencia_de_otra_empresa_sigue_siendo_403" time="1.937" /><testcase classname="tests.test_lots_bu_enforcement" name="test_e06_control_la_autoridad_global" time="1.982" /><testcase classname="tests.test_lots_bu_enforcement" name="test_e07_control_el_administrador_de_accesos_no_descarga" time="1.938" /><testcase classname="tests.test_lots_bu_enforcement" name="test_e08_control_el_listado_de_evidencias_ya_acota_por_unidad" time="1.981" /><testcase classname="tests.test_master_management" name="test_t_091_01_los_maestros_se_pueden_editar[medications-extra0]" time="0.470" /><testcase classname="tests.test_master_management" name="test_t_091_01_los_maestros_se_pueden_editar[cull-causes-extra1]" time="0.469" /><testcase classname="tests.test_master_management" name="test_t_091_01_los_maestros_se_pueden_editar[rejection-reasons-extra2]" time="0.467" /><testcase classname="tests.test_master_management" name="test_t_091_01_los_maestros_se_pueden_editar[correction-types-extra3]" time="0.468" /><testcase classname="tests.test_master_management" name="test_t_091_01_los_maestros_se_pueden_editar[productive-phases-extra4]" time="0.465" /><testcase classname="tests.test_master_management" name="test_t_090_02_la_baja_es_logica_y_no_fisica" time="0.441" /><testcase classname="tests.test_master_management" name="test_t_089_03_el_listado_devuelve_el_total" time="1.064" /><testcase classname="tests.test_master_management" name="test_t_090_04_no_se_crea_bajo_una_planta_ajena" time="0.517" /><testcase classname="tests.test_master_management" name="test_t_090_05_la_fase_productiva_es_global" time="0.458" /><testcase classname="tests.test_master_management" name="test_t_090_06_la_causa_creada_se_puede_usar_en_un_descarte" time="0.537" /><testcase classname="tests.test_master_management" name="test_t_090_07_sin_permiso_no_se_gestiona" time="0.080" /><testcase classname="tests.test_master_reference_tenancy" name="test_r179_01_el_catalogo_propio_se_acepta[supplier_id]" time="1.155" /><testcase classname="tests.test_master_reference_tenancy" name="test_r179_01_el_catalogo_propio_se_acepta[transport_id]" time="1.143" /><testcase classname="tests.test_master_reference_tenancy" name="test_r179_01_el_catalogo_propio_se_acepta[cause_id]" time="1.204" /><testcase classname="tests.test_master_reference_tenancy" name="test_r179_01_el_catalogo_propio_se_acepta[cull_cause_id]" time="1.601" /><testcase classname="tests.test_master_reference_tenancy" name="test_r179_01_el_catalogo_propio_se_acepta[vaccine_id]" time="1.150" /><testcase classname="tests.test_master_reference_tenancy" name="test_r179_01_el_catalogo_propio_se_acepta[medication_id]" time="1.148" /><testcase classname="tests.test_master_reference_tenancy" name="test_r179_01_el_catalogo_propio_se_acepta[destination_plant_id]" time="1.154" /><testcase classname="tests.test_master_reference_tenancy" name="test_r179_02_05_el_catalogo_ajeno_se_deniega_en_el_alta[supplier_id]" time="1.152" /><testcase classname="tests.test_master_reference_tenancy" name="test_r179_02_05_el_catalogo_ajeno_se_deniega_en_el_alta[transport_id]" time="1.148" /><testcase classname="tests.test_master_reference_tenancy" name="test_r179_02_05_el_catalogo_ajeno_se_deniega_en_el_alta[cause_id]" time="1.152" /><testcase classname="tests.test_master_reference_tenancy" name="test_r179_02_05_el_catalogo_ajeno_se_deniega_en_el_alta[cull_cause_id]" time="1.157" /><testcase classname="tests.test_master_reference_tenancy" name="test_r179_02_05_el_catalogo_ajeno_se_deniega_en_el_alta[vaccine_id]" time="1.157" /><testcase classname="tests.test_master_reference_tenancy" name="test_r179_02_05_el_catalogo_ajeno_se_deniega_en_el_alta[medication_id]" time="1.149" /><testcase classname="tests.test_master_reference_tenancy" name="test_r179_02_05_el_catalogo_ajeno_se_deniega_en_el_alta[destination_plant_id]" time="1.149" /><testcase classname="tests.test_master_reference_tenancy" name="test_r179_03_04_la_edicion_y_la_correccion_no_repuntan_a_un_catalogo_ajeno" time="1.298" /><testcase classname="tests.test_master_reference_tenancy" name="test_r179_06_el_catalogo_compartido_se_acepta[supplier_id]" time="1.158" /><testcase classname="tests.test_master_reference_tenancy" name="test_r179_06_el_catalogo_compartido_se_acepta[transport_id]" time="1.142" /><testcase classname="tests.test_master_reference_tenancy" name="test_r179_06_el_catalogo_compartido_se_acepta[cause_id]" time="1.157" /><testcase classname="tests.test_master_reference_tenancy" name="test_r179_06_el_catalogo_compartido_se_acepta[cull_cause_id]" time="1.158" /><testcase classname="tests.test_master_reference_tenancy" name="test_r179_06_el_catalogo_compartido_se_acepta[vaccine_id]" time="1.147" /><testcase classname="tests.test_master_reference_tenancy" name="test_r179_06_el_catalogo_compartido_se_acepta[medication_id]" time="1.142" /><testcase classname="tests.test_master_reference_tenancy" name="test_r179_06_el_catalogo_compartido_se_acepta[destination_plant_id]" time="1.152" /><testcase classname="tests.test_master_reference_tenancy" name="test_r179_07_12_la_empresa_la_deriva_el_servidor" time="1.217" /><testcase classname="tests.test_master_reference_tenancy" name="test_r179_08_el_alimento_ajeno_se_deniega" time="1.123" /><testcase classname="tests.test_master_reference_tenancy" name="test_r179_08_09_la_incubadora_y_su_maquina_ajenas_se_deniegan" time="1.219" /><testcase classname="tests.test_master_reference_tenancy" name="test_r179_10_la_raza_global_sigue_aceptandose" time="1.091" /><testcase classname="tests.test_master_tenant_isolation" name="test_r115_el_listado_de_empresas_no_muestra_la_ajena" time="0.990" /><testcase classname="tests.test_master_tenant_isolation" name="test_r115_ningun_campo_de_la_empresa_ajena_viaja" time="0.997" /><testcase classname="tests.test_master_tenant_isolation" name="test_r115_conocer_el_identificador_ajeno_no_abre_la_empresa" time="0.975" /><testcase classname="tests.test_master_tenant_isolation" name="test_r115_la_empresa_propia_si_se_consulta" time="0.996" /><testcase classname="tests.test_master_tenant_isolation" name="test_r115_no_se_modifica_la_empresa_ajena" time="1.042" /><testcase classname="tests.test_master_tenant_isolation" name="test_r115_no_se_da_de_baja_la_empresa_ajena" time="1.032" /><testcase classname="tests.test_master_tenant_isolation" name="test_r115_el_super_administrador_conserva_su_alcance_global" time="0.997" /><testcase classname="tests.test_master_tenant_isolation" name="test_r116_el_actor_sin_empresa_no_ve_maestros_de_nadie" time="0.982" /><testcase classname="tests.test_master_tenant_isolation" name="test_r116_el_actor_sin_empresa_tampoco_ve_empresas" time="0.977" /><testcase classname="tests.test_master_tenant_isolation" name="test_r116_el_actor_sin_empresa_no_alcanza_por_identificador" time="0.979" /><testcase classname="tests.test_master_tenant_isolation" name="test_r116_el_actor_con_empresa_si_ve_lo_suyo" time="0.992" /><testcase classname="tests.test_master_tenant_isolation" name="test_el_filtro_de_maestros_precede_a_la_paginacion" time="1.010" /><testcase classname="tests.test_master_tenant_isolation" name="test_od14_la_autoridad_global_situada_solo_ve_las_granjas_de_esa_empresa" time="1.018" /><testcase classname="tests.test_master_tenant_isolation" name="test_od14_la_autoridad_global_sin_contexto_no_ve_granjas" time="0.980" /><testcase classname="tests.test_master_tenant_isolation" name="test_od14_la_administracion_de_unidades_sigue_el_contexto" time="1.011" /><testcase classname="tests.test_master_tenant_isolation" name="test_od14_contraste_empresas_global_frente_a_granjas_de_inquilino" time="1.023" /><testcase classname="tests.test_masters" name="test_list_companies" time="0.365" /><testcase classname="tests.test_masters" name="test_create_and_list_company" time="0.396" /><testcase classname="tests.test_masters" name="test_list_farms" time="0.363" /><testcase classname="tests.test_masters" name="test_list_houses" time="0.353" /><testcase classname="tests.test_masters" name="test_list_suppliers" time="0.352" /><testcase classname="tests.test_masters" name="test_list_lots" time="0.359" /><testcase classname="tests.test_masters" name="test_list_breeds" time="0.354" /><testcase classname="tests.test_migration_bu_catalog" name="test_catalogo_vacio_crea_exactamente_las_cuatro_canonicas" time="0.064" /><testcase classname="tests.test_migration_bu_catalog" name="test_idempotente_la_segunda_pasada_no_crea_nada" time="0.003" /><testcase classname="tests.test_migration_bu_catalog" name="test_catalogo_parcial_se_completa_sin_tocar_las_presentes" time="0.003" /><testcase classname="tests.test_migration_bu_catalog" name="test_catalogo_completo_queda_intacto" time="0.003" /><testcase classname="tests.test_migration_bu_catalog" name="test_sin_efectos_sobre_las_tablas_vecinas" time="0.003" /><testcase classname="tests.test_migration_bu_catalog" name="test_paridad_con_el_seed_fuente_unica" time="0.001" /><testcase classname="tests.test_mortality" name="test_ac01_mortalidad_valida_se_registra" time="1.006" /><testcase classname="tests.test_mortality" name="test_ac02_mortalidad_sobre_el_saldo_se_rechaza" time="2.526" /><testcase classname="tests.test_mortality" name="test_ac03_cantidad_no_positiva[0]" time="0.949" /><testcase classname="tests.test_mortality" name="test_ac03_cantidad_no_positiva[-5]" time="1.397" /><testcase classname="tests.test_mortality" name="test_ac04_alerta_por_umbral[1-None]" time="0.834" /><testcase classname="tests.test_mortality" name="test_ac04_alerta_por_umbral[3-warning]" time="0.896" /><testcase classname="tests.test_mortality" name="test_ac04_alerta_por_umbral[10-critical]" time="0.971" /><testcase classname="tests.test_mortality" name="test_ac05_un_fallo_en_las_alertas_no_pierde_el_evento" time="0.535" /><testcase classname="tests.test_mortality" name="test_ac06_fecha_anterior_a_la_activacion_del_lote" time="0.483" /><testcase classname="tests.test_mortality" name="test_ac07_la_secuencia_completa_cuadra" time="2.843" /><testcase classname="tests.test_mortality" name="test_ac07b_las_transferencias_son_neutras" time="1.773" /><testcase classname="tests.test_mortality" name="test_ac09_ningun_tipo_de_evento_devuelve_500" time="1.521" /><testcase classname="tests.test_mortality" name="test_los_enums_de_python_existen_en_postgresql" time="0.008" /><testcase classname="tests.test_mortality" name="test_ac08_el_umbral_se_lee_de_la_configuracion" time="0.001" /><testcase classname="tests.test_mortality" name="test_ac08_los_umbrales_no_son_numeros_magicos" time="0.003" /><testcase classname="tests.test_mortality" name="test_ac08_una_configuracion_distinta_cambia_el_comportamiento" time="0.003" /><testcase classname="tests.test_mortality" name="test_ac08_cambiar_el_umbral_cambia_la_alerta" time="3.089" /><testcase classname="tests.test_mortality" name="test_ac08_el_umbral_se_expone_en_el_despliegue" time="0.001" /><testcase classname="tests.test_multi_company" name="test_company_a_cannot_access_company_b_operations" time="0.156" /><testcase classname="tests.test_multi_company" name="test_company_a_cannot_get_company_b_event" time="0.081" /><testcase classname="tests.test_multi_company" name="test_super_admin_sees_all_companies" time="0.102" /><testcase classname="tests.test_multi_company" name="test_company_a_cannot_access_company_b_houses" time="0.051" /><testcase classname="tests.test_multi_company" name="test_idempotency_key_prevents_duplicate" time="0.136" /><testcase classname="tests.test_multicompany_isolation" name="test_la_fuente_del_contexto_es_una_sola_y_esta_documentada" time="0.004" /><testcase classname="tests.test_multicompany_isolation" name="test_un_usuario_normal_no_desplaza_su_contexto" time="0.096" /><testcase classname="tests.test_multicompany_isolation" name="test_un_usuario_normal_no_puede_cambiar_de_empresa" time="0.065" /><testcase classname="tests.test_multicompany_isolation" name="test_el_super_admin_no_puede_situarse_en_una_empresa_inexistente" time="0.065" /><testcase classname="tests.test_multicompany_isolation" name="test_el_contexto_del_super_admin_determina_la_propiedad" time="0.153" /><testcase classname="tests.test_multicompany_isolation" name="test_el_contexto_sobrevive_a_la_renovacion" time="0.095" /><testcase classname="tests.test_multicompany_isolation" name="test_idor_lectura_de_un_recurso_ajeno[lot_id-/api/v1/lots/{}]" time="0.230" /><testcase classname="tests.test_multicompany_isolation" name="test_idor_lectura_de_un_recurso_ajeno[event_id-/api/v1/operations/{}]" time="0.233" /><testcase classname="tests.test_multicompany_isolation" name="test_idor_lectura_de_un_recurso_ajeno[farm_id-/api/v1/masters/farms/{}]" time="0.232" /><testcase classname="tests.test_multicompany_isolation" name="test_idor_escritura_sobre_un_recurso_ajeno" time="0.226" /><testcase classname="tests.test_multicompany_isolation" name="test_idor_no_se_puede_registrar_contra_un_lote_ajeno" time="0.231" /><testcase classname="tests.test_multicompany_isolation" name="test_los_listados_no_filtr
[...]
ualización: ejecútelo con `bash backend/scripts/upgrade_test.sh`, que prepara `global_avicola_upgrade_test` desde el estado anterior a la Wave 2.">/home/runner/work/GlobalAvicola/GlobalAvicola/backend/tests/test_upgrade_path.py:258: Camino de actualización: ejecútelo con `bash backend/scripts/upgrade_test.sh`, que prepara `global_avicola_upgrade_test` desde el estado anterior a la Wave 2.</skipped></testcase><testcase classname="tests.test_upgrade_path" name="test_los_roles_conservan_el_acceso_que_su_funcion_exige[aprobador-/api/v1/approvals/pending]" time="0.000"><skipped type="pytest.skip" message="Camino de actualización: ejecútelo con `bash backend/scripts/upgrade_test.sh`, que prepara `global_avicola_upgrade_test` desde el estado anterior a la Wave 2.">/home/runner/work/GlobalAvicola/GlobalAvicola/backend/tests/test_upgrade_path.py:258: Camino de actualización: ejecútelo con `bash backend/scripts/upgrade_test.sh`, que prepara `global_avicola_upgrade_test` desde el estado anterior a la Wave 2.</skipped></testcase><testcase classname="tests.test_upgrade_path" name="test_los_roles_conservan_el_acceso_que_su_funcion_exige[aprobador-/api/v1/masters/vaccines]" time="0.000"><skipped type="pytest.skip" message="Camino de actualización: ejecútelo con `bash backend/scripts/upgrade_test.sh`, que prepara `global_avicola_upgrade_test` desde el estado anterior a la Wave 2.">/home/runner/work/GlobalAvicola/GlobalAvicola/backend/tests/test_upgrade_path.py:258: Camino de actualización: ejecútelo con `bash backend/scripts/upgrade_test.sh`, que prepara `global_avicola_upgrade_test` desde el estado anterior a la Wave 2.</skipped></testcase><testcase classname="tests.test_upgrade_path" name="test_los_roles_conservan_el_acceso_que_su_funcion_exige[sap-/api/v1/sap/references]" time="0.000"><skipped type="pytest.skip" message="Camino de actualización: ejecútelo con `bash backend/scripts/upgrade_test.sh`, que prepara `global_avicola_upgrade_test` desde el estado anterior a la Wave 2.">/home/runner/work/GlobalAvicola/GlobalAvicola/backend/tests/test_upgrade_path.py:258: Camino de actualización: ejecútelo con `bash backend/scripts/upgrade_test.sh`, que prepara `global_avicola_upgrade_test` desde el estado anterior a la Wave 2.</skipped></testcase><testcase classname="tests.test_upgrade_path" name="test_los_roles_conservan_el_acceso_que_su_funcion_exige[sap-/api/v1/masters/suppliers]" time="0.000"><skipped type="pytest.skip" message="Camino de actualización: ejecútelo con `bash backend/scripts/upgrade_test.sh`, que prepara `global_avicola_upgrade_test` desde el estado anterior a la Wave 2.">/home/runner/work/GlobalAvicola/GlobalAvicola/backend/tests/test_upgrade_path.py:258: Camino de actualización: ejecútelo con `bash backend/scripts/upgrade_test.sh`, que prepara `global_avicola_upgrade_test` desde el estado anterior a la Wave 2.</skipped></testcase><testcase classname="tests.test_upgrade_path" name="test_los_roles_conservan_el_acceso_que_su_funcion_exige[auditor-/api/v1/audit]" time="0.000"><skipped type="pytest.skip" message="Camino de actualización: ejecútelo con `bash backend/scripts/upgrade_test.sh`, que prepara `global_avicola_upgrade_test` desde el estado anterior a la Wave 2.">/home/runner/work/GlobalAvicola/GlobalAvicola/backend/tests/test_upgrade_path.py:258: Camino de actualización: ejecútelo con `bash backend/scripts/upgrade_test.sh`, que prepara `global_avicola_upgrade_test` desde el estado anterior a la Wave 2.</skipped></testcase><testcase classname="tests.test_upgrade_path" name="test_los_roles_conservan_el_acceso_que_su_funcion_exige[auditor-/api/v1/reports/kpis]" time="0.000"><skipped type="pytest.skip" message="Camino de actualización: ejecútelo con `bash backend/scripts/upgrade_test.sh`, que prepara `global_avicola_upgrade_test` desde el estado anterior a la Wave 2.">/home/runner/work/GlobalAvicola/GlobalAvicola/backend/tests/test_upgrade_path.py:258: Camino de actualización: ejecútelo con `bash backend/scripts/upgrade_test.sh`, que prepara `global_avicola_upgrade_test` desde el estado anterior a la Wave 2.</skipped></testcase><testcase classname="tests.test_upgrade_path" name="test_la_reconciliacion_no_concedio_de_mas[operador-post-/api/v1/approvals/approve-cuerpo0]" time="0.000"><skipped type="pytest.skip" message="Camino de actualización: ejecútelo con `bash backend/scripts/upgrade_test.sh`, que prepara `global_avicola_upgrade_test` desde el estado anterior a la Wave 2.">/home/runner/work/GlobalAvicola/GlobalAvicola/backend/tests/test_upgrade_path.py:283: Camino de actualización: ejecútelo con `bash backend/scripts/upgrade_test.sh`, que prepara `global_avicola_upgrade_test` desde el estado anterior a la Wave 2.</skipped></testcase><testcase classname="tests.test_upgrade_path" name="test_la_reconciliacion_no_concedio_de_mas[operador-post-/api/v1/sap/export-cuerpo1]" time="0.000"><skipped type="pytest.skip" message="Camino de actualización: ejecútelo con `bash backend/scripts/upgrade_test.sh`, que prepara `global_avicola_upgrade_test` desde el estado anterior a la Wave 2.">/home/runner/work/GlobalAvicola/GlobalAvicola/backend/tests/test_upgrade_path.py:283: Camino de actualización: ejecútelo con `bash backend/scripts/upgrade_test.sh`, que prepara `global_avicola_upgrade_test` desde el estado anterior a la Wave 2.</skipped></testcase><testcase classname="tests.test_upgrade_path" name="test_la_reconciliacion_no_concedio_de_mas[operador-delete-/api/v1/masters/farms/1-None]" time="0.000"><skipped type="pytest.skip" message="Camino de actualización: ejecútelo con `bash backend/scripts/upgrade_test.sh`, que prepara `global_avicola_upgrade_test` desde el estado anterior a la Wave 2.">/home/runner/work/GlobalAvicola/GlobalAvicola/backend/tests/test_upgrade_path.py:283: Camino de actualización: ejecútelo con `bash backend/scripts/upgrade_test.sh`, que prepara `global_avicola_upgrade_test` desde el estado anterior a la Wave 2.</skipped></testcase><testcase classname="tests.test_upgrade_path" name="test_la_reconciliacion_no_concedio_de_mas[operador-get-/api/v1/audit-None]" time="0.000"><skipped type="pytest.skip" message="Camino de actualización: ejecútelo con `bash backend/scripts/upgrade_test.sh`, que prepara `global_avicola_upgrade_test` desde el estado anterior a la Wave 2.">/home/runner/work/GlobalAvicola/GlobalAvicola/backend/tests/test_upgrade_path.py:283: Camino de actualización: ejecútelo con `bash backend/scripts/upgrade_test.sh`, que prepara `global_avicola_upgrade_test` desde el estado anterior a la Wave 2.</skipped></testcase><testcase classname="tests.test_upgrade_path" name="test_la_reconciliacion_no_concedio_de_mas[auditor-post-/api/v1/operations-cuerpo4]" time="0.000"><skipped type="pytest.skip" message="Camino de actualización: ejecútelo con `bash backend/scripts/upgrade_test.sh`, que prepara `global_avicola_upgrade_test` desde el estado anterior a la Wave 2.">/home/runner/work/GlobalAvicola/GlobalAvicola/backend/tests/test_upgrade_path.py:283: Camino de actualización: ejecútelo con `bash backend/scripts/upgrade_test.sh`, que prepara `global_avicola_upgrade_test` desde el estado anterior a la Wave 2.</skipped></testcase><testcase classname="tests.test_upgrade_path" name="test_la_reconciliacion_no_concedio_de_mas[auditor-post-/api/v1/approvals/approve-cuerpo5]" time="0.000"><skipped type="pytest.skip" message="Camino de actualización: ejecútelo con `bash backend/scripts/upgrade_test.sh`, que prepara `global_avicola_upgrade_test` desde el estado anterior a la Wave 2.">/home/runner/work/GlobalAvicola/GlobalAvicola/backend/tests/test_upgrade_path.py:283: Camino de actualización: ejecútelo con `bash backend/scripts/upgrade_test.sh`, que prepara `global_avicola_upgrade_test` desde el estado anterior a la Wave 2.</skipped></testcase><testcase classname="tests.test_upgrade_path" name="test_la_reconciliacion_no_concedio_de_mas[sap-post-/api/v1/approvals/approve-cuerpo6]" time="0.000"><skipped type="pytest.skip" message="Camino de actualización: ejecútelo con `bash backend/scripts/upgrade_test.sh`, que prepara `global_avicola_upgrade_test` desde el estado anterior a la Wave 2.">/home/runner/work/GlobalAvicola/GlobalAvicola/backend/tests/test_upgrade_path.py:283: Camino de actualización: ejecútelo con `bash backend/scripts/upgrade_test.sh`, que prepara `global_avicola_upgrade_test` desde el estado anterior a la Wave 2.</skipped></testcase><testcase classname="tests.test_upgrade_path" name="test_la_reconciliacion_no_concedio_de_mas[supervisor-post-/api/v1/masters/farms-cuerpo7]" time="0.000"><skipped type="pytest.skip" message="Camino de actualización: ejecútelo con `bash backend/scripts/upgrade_test.sh`, que prepara `global_avicola_upgrade_test` desde el estado anterior a la Wave 2.">/home/runner/work/GlobalAvicola/GlobalAvicola/backend/tests/test_upgrade_path.py:283: Camino de actualización: ejecútelo con `bash backend/scripts/upgrade_test.sh`, que prepara `global_avicola_upgrade_test` desde el estado anterior a la Wave 2.</skipped></testcase><testcase classname="tests.test_upgrade_path" name="test_el_super_admin_conserva_su_alcance" time="0.000"><skipped type="pytest.skip" message="Camino de actualización: ejecútelo con `bash backend/scripts/upgrade_test.sh`, que prepara `global_avicola_upgrade_test` desde el estado anterior a la Wave 2.">/home/runner/work/GlobalAvicola/GlobalAvicola/backend/tests/test_upgrade_path.py:309: Camino de actualización: ejecútelo con `bash backend/scripts/upgrade_test.sh`, que prepara `global_avicola_upgrade_test` desde el estado anterior a la Wave 2.</skipped></testcase><testcase classname="tests.test_upgrade_path" name="test_r48_el_cambio_de_empresa_surte_efecto" time="0.000"><skipped type="pytest.skip" message="Camino de actualización: ejecútelo con `bash backend/scripts/upgrade_test.sh`, que prepara `global_avicola_upgrade_test` desde el estado anterior a la Wave 2.">/home/runner/work/GlobalAvicola/GlobalAvicola/backend/tests/test_upgrade_path.py:317: Camino de actualización: ejecútelo con `bash backend/scripts/upgrade_test.sh`, que prepara `global_avicola_upgrade_test` desde el estado anterior a la Wave 2.</skipped></testcase><testcase classname="tests.test_upgrade_path" name="test_r48_un_usuario_normal_no_puede_reclamar_otra_empresa" time="0.000"><skipped type="pytest.skip" message="Camino de actualización: ejecútelo con `bash backend/scripts/upgrade_test.sh`, que prepara `global_avicola_upgrade_test` desde el estado anterior a la Wave 2.">/home/runner/work/GlobalAvicola/GlobalAvicola/backend/tests/test_upgrade_path.py:354: Camino de actualización: ejecútelo con `bash backend/scripts/upgrade_test.sh`, que prepara `global_avicola_upgrade_test` desde el estado anterior a la Wave 2.</skipped></testcase><testcase classname="tests.test_user_tenant_isolation" name="test_p0a_el_listado_no_expone_usuarios_de_otra_empresa" time="1.574" /><testcase classname="tests.test_user_tenant_isolation" name="test_p0a_el_listado_del_otro_lado_es_simetrico" time="1.573" /><testcase classname="tests.test_user_tenant_isolation" name="test_el_filtro_vive_en_la_consulta_y_no_despues_de_paginar" time="10.958" /><testcase classname="tests.test_user_tenant_isolation" name="test_p0b_conocer_el_identificador_ajeno_no_abre_el_usuario" time="1.573" /><testcase classname="tests.test_user_tenant_isolation" name="test_p0b_el_usuario_propio_si_se_lee" time="1.575" /><testcase classname="tests.test_user_tenant_isolation" name="test_p0c_no_se_modifica_un_usuario_de_otra_empresa" time="1.623" /><testcase classname="tests.test_user_tenant_isolation" name="test_p0c_el_usuario_propio_si_se_edita" time="1.598" /><testcase classname="tests.test_user_tenant_isolation" name="test_p0d_no_se_concede_autoridad_a_un_usuario_de_otra_empresa" time="1.620" /><testcase classname="tests.test_user_tenant_isolation" name="test_p0d_un_actor_de_empresa_no_crea_una_autoridad_global" time="1.619" /><testcase classname="tests.test_user_tenant_isolation" name="test_p0d_el_rol_ordinario_si_se_asigna" time="1.598" /><testcase classname="tests.test_user_tenant_isolation" name="test_el_super_administrador_si_puede_conceder_autoridad_global" time="1.577" /><testcase classname="tests.test_user_tenant_isolation" name="test_el_alta_no_acepta_la_empresa_del_cliente" time="1.884" /><testcase classname="tests.test_user_tenant_isolation" name="test_el_parametro_de_empresa_no_amplia_el_alcance" time="1.601" /><testcase classname="tests.test_user_tenant_isolation" name="test_od14_la_autoridad_global_situada_solo_ve_esa_empresa" time="1.575" /><testcase classname="tests.test_user_tenant_isolation" name="test_od14_contraste_control_global_frente_a_inquilino" time="1.611" /><testcase classname="tests.test_user_tenant_isolation" name="test_od14_la_autoridad_global_sin_contexto_no_obtiene_la_union" time="1.573" /><testcase classname="tests.test_user_tenant_isolation" name="test_sin_empresa_efectiva_y_sin_autoridad_global_se_deniega" time="1.590" /><testcase classname="tests.test_user_tenant_isolation" name="test_e2e_el_ataque_entre_inquilinos_completo" time="1.711" /><testcase classname="tests.test_usuarios_de_revision" name="test_por_debajo_del_minimo_del_login_no_crea_nada" time="0.001" /><testcase classname="tests.test_usuarios_de_revision" name="test_el_minimo_del_login_se_acepta_avisando_de_la_politica" time="0.001" /><testcase classname="tests.test_usuarios_de_revision" name="test_la_politica_completa_no_avisa" time="0.001" /><testcase classname="tests.test_usuarios_de_revision" name="test_sin_variable_de_entorno_no_hay_contrasena_literal" time="0.001" /><testcase classname="tests.test_usuarios_de_revision" name="test_los_umbrales_son_los_del_producto" time="0.001" /><testcase classname="tests.test_water_capture" name="test_w01_w02_w07_el_operador_registra_el_consumo_de_agua_y_el_valor_se_persiste_y_se_lee" time="2.937" /><testcase classname="tests.test_water_capture" name="test_w03_s09_w04_la_empresa_y_la_unidad_se_derivan_del_lote_no_del_cuerpo" time="2.866" /><testcase classname="tests.test_water_capture" name="test_w05_w06_la_fecha_de_negocio_y_la_unidad_del_contrato" time="2.861" /><testcase classname="tests.test_water_capture" name="test_v01_v04_el_valor_es_obligatorio_numerico_y_estrictamente_positivo" time="3.063" /><testcase classname="tests.test_water_capture" name="test_v05_v06_precision_y_fecha" time="2.891" /><testcase classname="tests.test_water_capture" name="test_v07_bu03_bu04_los_lotes_no_aplicables_se_rechazan" time="2.946" /><testcase classname="tests.test_water_capture" name="test_v08_dos_registros_del_mismo_dia_son_aditivos" time="2.918" /><testcase classname="tests.test_water_capture" name="test_v09_el_agua_no_viaja_en_otro_tipo_de_evento" time="2.849" /><testcase classname="tests.test_water_capture" name="test_s01_s06_otra_empresa_y_la_autoridad_global_fuera_de_contexto" time="2.886" /><testcase classname="tests.test_water_capture" name="test_s02_s03_unidad_apagada_y_unidad_no_concedida" time="2.890" /><testcase classname="tests.test_water_capture" name="test_s04_s07_s08_sin_rbac_ni_plano_de_control_ni_lectura_transversal" time="2.863" /><testcase classname="tests.test_water_capture" name="test_bu02_engorde_positivo_independiente" time="2.864" /><testcase classname="tests.test_water_capture" name="test_c01_c03_la_correccion_aplica_el_valor_conserva_el_original_y_respeta_rr11" time="2.989" /><testcase classname="tests.test_water_capture" name="test_c02_sin_permiso_no_se_corrige_y_el_aprobado_es_inmutable" time="2.948" /><testcase classname="tests.test_water_capture" name="test_au01_au02_el_alta_deja_auditoria_y_la_denegada_no" time="2.899" /><testcase classname="tests.test_water_capture" name="test_rv_el_consumo_de_agua_no_es_reversible" time="2.908" /><testcase classname="tests.test_weight_alert" name="test_t_037_20_un_peso_fuera_de_rango_crea_alerta[100.0-135.0]" time="0.562" /><testcase classname="tests.test_weight_alert" name="test_t_037_20_un_peso_fuera_de_rango_crea_alerta[200.0-165.0]" time="0.572" /><testcase classname="tests.test_weight_alert" name="test_t_037_21_dentro_de_rango_no_alerta[135.0]" time="0.559" /><testcase classname="tests.test_weight_alert" name="test_t_037_21_dentro_de_rango_no_alerta[150.0]" time="0.558" /><testcase classname="tests.test_weight_alert" name="test_t_037_21_dentro_de_rango_no_alerta[165.0]" time="0.564" /><testcase classname="tests.test_weight_alert" name="test_t_037_22_sin_curva_cargada_no_se_inventa_alerta" time="0.529" /><testcase classname="tests.test_weight_alert" name="test_t_037_23_fuera_del_rango_de_edades_no_se_extrapola" time="0.560" /><testcase classname="tests.test_weight_alert" name="test_t_037_24_no_se_introduce_canal_de_notificacion" time="0.571" /><testcase classname="tests.test_weight_curve_evaluation" name="test_t_037_01_el_dia_exacto_usa_su_punto" time="0.001" /><testcase classname="tests.test_weight_curve_evaluation" name="test_t_037_02_el_dia_intermedio_se_interpola_linealmente" time="0.001" /><testcase classname="tests.test_weight_curve_evaluation" name="test_t_037_03_la_interpolacion_no_es_el_punto_inferior" time="0.001" /><testcase classname="tests.test_weight_curve_evaluation" name="test_t_037_04_clasificacion_y_bordes[85.0-below_standard]" time="0.001" /><testcase classname="tests.test_weight_curve_evaluation" name="test_t_037_04_clasificacion_y_bordes[90.0-within_standard]" time="0.001" /><testcase classname="tests.test_weight_curve_evaluation" name="test_t_037_04_clasificacion_y_bordes[100.0-within_standard]" time="0.001" /><testcase classname="tests.test_weight_curve_evaluation" name="test_t_037_04_clasificacion_y_bordes[110.0-within_standard]" time="0.001" /><testcase classname="tests.test_weight_curve_evaluation" name="test_t_037_04_clasificacion_y_bordes[120.0-above_standard]" time="0.001" /><testcase classname="tests.test_weight_curve_evaluation" name="test_t_037_05_el_rango_sale_de_la_tabla_y_de_ningun_otro_sitio" time="0.001" /><testcase classname="tests.test_weight_curve_evaluation" name="test_t_037_06_fuera_del_rango_no_se_extrapola[0]" time="0.001" /><testcase classname="tests.test_weight_curve_evaluation" name="test_t_037_06_fuera_del_rango_no_se_extrapola[9]" time="0.001" /><testcase classname="tests.test_weight_curve_evaluation" name="test_t_037_06_fuera_del_rango_no_se_extrapola[21]" time="0.001" /><testcase classname="tests.test_weight_curve_evaluation" name="test_t_037_06_fuera_del_rango_no_se_extrapola[100]" time="0.001" /><testcase classname="tests.test_weight_curve_evaluation" name="test_t_037_07_sin_referencia_no_es_dentro_de_norma" time="0.001" /><testcase classname="tests.test_weight_evaluation_endpoint" name="test_t_037_26_la_evaluacion_es_legible[100.0-below_standard]" time="0.595" /><testcase classname="tests.test_weight_evaluation_endpoint" name="test_t_037_26_la_evaluacion_es_legible[150.0-within_standard]" time="0.590" /><testcase classname="tests.test_weight_evaluation_endpoint" name="test_t_037_26_la_evaluacion_es_legible[200.0-above_standard]" time="0.596" /><testcase classname="tests.test_weight_evaluation_endpoint" name="test_t_037_27_una_evaluacion_por_pesaje" time="0.600" /><testcase classname="tests.test_weight_evaluation_endpoint" name="test_t_037_28_el_motor_no_se_duplica" time="0.618" /><testcase classname="tests.test_weight_evaluation_endpoint" name="test_t_037_29_sin_referencia_se_declara[None-True-no_curve_assigned]" time="0.555" /><testcase classname="tests.test_weight_evaluation_endpoint" name="test_t_037_29_sin_referencia_se_declara[None-False-lot_without_genetic_line]" time="0.528" /><testcase classname="tests.test_weight_evaluation_endpoint" name="test_t_037_29_sin_referencia_se_declara[puntos2-True-age_outside_curve_table]" time="0.596" /><testcase classname="tests.test_weight_evaluation_endpoint" name="test_t_037_30_dentro_de_norma_no_es_sin_referencia" time="0.747" /><testcase classname="tests.test_weight_evaluation_endpoint" name="test_t_037_31_la_evaluacion_no_cruza_de_empresa" time="0.615" /></testsuite></testsuites>